Log file open, 09/08/17 14:15:56
LogWindows: LoadLibraryWithSearchPaths failed for file aqProf.dll. GetLastError=0
LogWindows: LoadLibraryWithSearchPaths failed for file VSPerf140.dll. GetLastError=0
LogWindows: LoadLibraryWithSearchPaths failed for file VtuneApi.dll. GetLastError=0
LogWindows: LoadLibraryWithSearchPaths failed for file VtuneApi32e.dll. GetLastError=0
LogInit: Display: Running engine for game: ProjetFps
LogPlatformFile: Not using cached read wrapper
LogInit: Display: RandInit(-530509006) SRandInit(-530509006).
LogTaskGraph: Started task graph with 5 named threads and 14 total threads with 3 sets of task threads.
LogStats: Stats thread started at 0.167517
LogD3D11RHI: Aftermath initialized
LogPluginManager: Mounting plugin Paper2D
LogPluginManager: Mounting plugin LightPropagationVolume
LogPluginManager: Mounting plugin CodeLiteSourceCodeAccess
LogPluginManager: Mounting plugin GitSourceControl
LogPluginManager: Mounting plugin KDevelopSourceCodeAccess
LogPluginManager: Mounting plugin NullSourceCodeAccess
LogPluginManager: Mounting plugin PerforceSourceControl
LogPluginManager: Mounting plugin SubversionSourceControl
LogPluginManager: Mounting plugin UObjectPlugin
LogPluginManager: Mounting plugin VisualStudioSourceCodeAccess
LogPluginManager: Mounting plugin XCodeSourceCodeAccess
LogPluginManager: Mounting plugin AssetManagerEditor
LogPluginManager: Mounting plugin AudioCapture
LogPluginManager: Mounting plugin FacialAnimation
LogPluginManager: Mounting plugin GameplayTagsEditor
LogPluginManager: Mounting plugin MobileLauncherProfileWizard
LogPluginManager: Mounting plugin PluginBrowser
LogPluginManager: Mounting plugin SpeedTreeImporter
LogPluginManager: Mounting plugin AlembicImporter
LogPluginManager: Mounting plugin CharacterAI
LogPluginManager: Mounting plugin HTML5Networking
LogPluginManager: Mounting plugin AndroidMedia
LogPluginManager: Mounting plugin AvfMedia
LogPluginManager: Mounting plugin MediaPlayerEditor
LogPluginManager: Mounting plugin WmfMedia
LogPluginManager: Mounting plugin TcpMessaging
LogPluginManager: Mounting plugin UdpMessaging
LogPluginManager: Mounting plugin LevelSequenceEditor
LogPluginManager: Mounting plugin MatineeToLevelSequence
LogPluginManager: Mounting plugin OnlineSubsystemGooglePlay
LogPluginManager: Mounting plugin OnlineSubsystemIOS
LogPluginManager: Mounting plugin OnlineSubsystem
LogPluginManager: Mounting plugin OnlineSubsystemNull
LogPluginManager: Mounting plugin OnlineSubsystemUtils
LogPluginManager: Mounting plugin AndroidDeviceProfileSelector
LogPluginManager: Mounting plugin AndroidMoviePlayer
LogPluginManager: Mounting plugin AndroidPermission
LogPluginManager: Mounting plugin AppleMoviePlayer
LogPluginManager: Mounting plugin ArchVisCharacter
LogPluginManager: Mounting plugin CableComponent
LogPluginManager: Mounting plugin CustomMeshComponent
LogPluginManager: Mounting plugin ExampleDeviceProfileSelector
LogPluginManager: Mounting plugin GoogleCloudMessaging
LogPluginManager: Mounting plugin ImmediatePhysics
LogPluginManager: Mounting plugin IOSDeviceProfileSelector
LogPluginManager: Mounting plugin LinuxDeviceProfileSelector
LogPluginManager: Mounting plugin LocationServicesBPLibrary
LogPluginManager: Mounting plugin MobilePatchingUtils
LogPluginManager: Mounting plugin OculusVR
LogPluginManager: Mounting plugin PhysXVehicles
LogPluginManager: Mounting plugin ProceduralMeshComponent
LogPluginManager: Mounting plugin RuntimePhysXCooking
LogPluginManager: Mounting plugin SteamVR
LogPluginManager: Mounting plugin WindowsMoviePlayer
LogInit: Using libcurl 7.47.1
LogInit:  - built for x86_64-pc-win32
LogInit:  - supports SSL with OpenSSL/1.0.2g
LogInit:  - supports HTTP deflate (compression) using libz 1.2.8
LogInit:  - other features:
LogInit:      CURL_VERSION_SSL
LogInit:      CURL_VERSION_LIBZ
LogInit:      CURL_VERSION_IPV6
LogInit:      CURL_VERSION_ASYNCHDNS
LogInit:      CURL_VERSION_LARGEFILE
LogInit:      CURL_VERSION_IDN
LogInit:  CurlRequestOptions (configurable via config and command line):
LogInit:  - bVerifyPeer = false  - Libcurl will NOT verify peer certificate
LogInit:  - bUseHttpProxy = false  - Libcurl will NOT use HTTP proxy
LogInit:  - bDontReuseConnections = false  - Libcurl will reuse connections
LogInit:  - CertBundlePath = nullptr  - Libcurl will use whatever was configured at build time.
LogInit: Build: ++UE4+Release-4.17-CL-3586342
LogInit: Engine Version: 4.17.1-3586342+++UE4+Release-4.17
LogInit: Compatible Engine Version: 4.17.0-3573198+++UE4+Release-4.17
LogInit: Net CL: 3573198
LogDevObjectVersion: Number of dev versions registered: 16
LogDevObjectVersion:   Dev-Blueprints (B0D832E4-1F89-4F0D-ACCF-7EB736FD4AA2): 10
LogDevObjectVersion:   Dev-Build (E1C64328-A22C-4D53-A36C-8E866417BD8C): 0
LogDevObjectVersion:   Dev-Core (375EC13C-06E4-48FB-B500-84F0262A717E): 2
LogDevObjectVersion:   Dev-Editor (E4B068ED-F494-42E9-A231-DA0B2E46BB41): 20
LogDevObjectVersion:   Dev-Framework (CFFC743F-43B0-4480-9391-14DF171D2073): 28
LogDevObjectVersion:   Dev-Mobile (B02B49B5-BB20-44E9-A304-32B752E40360): 0
LogDevObjectVersion:   Dev-Networking (A4E4105C-59A1-49B5-A7C5-40C4547EDFEE): 0
LogDevObjectVersion:   Dev-Online (39C831C9-5AE6-47DC-9A44-9C173E1C8E7C): 0
LogDevObjectVersion:   Dev-Physics (78F01B33-EBEA-4F98-B9B4-84EACCB95AA2): 0
LogDevObjectVersion:   Dev-Platform (6631380F-2D4D-43E0-8009-CF276956A95A): 0
LogDevObjectVersion:   Dev-Rendering (12F88B9F-8875-4AFC-A67C-D90C383ABD29): 19
LogDevObjectVersion:   Dev-Sequencer (7B5AE74C-D270-4C10-A958-57980B212A5A): 4
LogDevObjectVersion:   Dev-VR (D7296918-1DD6-4BDD-9DE2-64A83CC13884): 0
LogDevObjectVersion:   Dev-LoadTimes (C2A15278-BFE7-4AFE-6C17-90FF531DF755): 1
LogDevObjectVersion:   Private-Geometry (6EACA3D4-40EC-4CC1-B786-8BED09428FC5): 1
LogDevObjectVersion:   Dev-AnimPhys (29E575DD-E0A3-4627-9D10-D276232CDCEA): 7
LogInit: Compiled (64-bit): Aug 15 2017 02:05:26
LogInit: Compiled with Visual C++: 19.00.24215.01
LogInit: Build Configuration: Development
LogInit: Branch Name: ++UE4+Release-4.17
LogInit: Command line: -EpicPortal 
LogInit: Base directory: D:/Games/UE_4.17/Engine/Binaries/Win64/
LogInit: Installed Engine Build: 1
LogInit: Presizing for max 8388607 objects, including 0 objects not considered by GC, pre-allocating 0 bytes for permanent pool.
LogInit: Object subsystem initialized
[2017.09.08-12.15.57:530][  0]LogInit: Selected Device Profile: [Windows]
[2017.09.08-12.15.57:530][  0]LogInit: Applying CVar settings loaded from the selected device profile: [Windows]
[2017.09.08-12.15.57:537][  0]LogInit: Computer: DESKTOP-6CAIEIN
[2017.09.08-12.15.57:537][  0]LogInit: User: yvana
[2017.09.08-12.15.57:537][  0]LogInit: CPU Page size=4096, Cores=4
[2017.09.08-12.15.57:537][  0]LogInit: High frequency timer resolution =3.328125 MHz
[2017.09.08-12.15.57:538][  0]LogMemory: Memory total: Physical=7.9GB (8GB approx)
[2017.09.08-12.15.57:538][  0]LogMemory: Platform Memory Stats for Windows
[2017.09.08-12.15.57:538][  0]LogMemory: Process Physical Memory: 278.29 MB used, 278.29 MB peak
[2017.09.08-12.15.57:538][  0]LogMemory: Process Virtual Memory: 274.33 MB used, 274.33 MB peak
[2017.09.08-12.15.57:538][  0]LogMemory: Physical Memory: 5263.02 MB used,  2858.04 MB free, 8121.05 MB total
[2017.09.08-12.15.57:538][  0]LogMemory: Virtual Memory: 659.58 MB used,  2858.04 MB free, 134217728.00 MB total
[2017.09.08-12.15.57:645][  0]LogInit: Using OS detected language (fr-FR).
[2017.09.08-12.15.57:645][  0]LogInit: Using OS detected locale (fr-FR).
[2017.09.08-12.15.57:648][  0]LogTextLocalizationManager: No localization for 'fr-FR' exists, so 'en' will be used for the language.
[2017.09.08-12.15.57:649][  0]LogTextLocalizationManager: No localization for 'fr-FR' exists, so 'en' will be used for the locale.
[2017.09.08-12.15.58:281][  0]LogD3D11RHI: D3D11 adapters:
[2017.09.08-12.15.58:851][  0]LogD3D11RHI:    0. 'NVIDIA GeForce GTX 1070' (Feature Level 11_0)
[2017.09.08-12.15.58:851][  0]LogD3D11RHI:       8120/0/4060 MB DedicatedVideo/DedicatedSystem/SharedSystem, Outputs:1, VendorId:0x10de
[2017.09.08-12.15.58:852][  0]LogD3D11RHI:    1. 'Microsoft Basic Render Driver' (Feature Level 11_0)
[2017.09.08-12.15.58:852][  0]LogD3D11RHI:       0/0/4060 MB DedicatedVideo/DedicatedSystem/SharedSystem, Outputs:0, VendorId:0x1414
[2017.09.08-12.15.58:852][  0]LogD3D11RHI: Chosen D3D11 Adapter: 0
[2017.09.08-12.15.58:860][  0]LogD3D11RHI: Creating new Direct3DDevice
[2017.09.08-12.15.58:860][  0]LogD3D11RHI:     GPU DeviceId: 0x1b81 (for the marketing name, search the web for "GPU Device Id")
[2017.09.08-12.15.58:860][  0]LogWindows: EnumDisplayDevices:
[2017.09.08-12.15.58:860][  0]LogWindows:    0. 'NVIDIA GeForce GTX 1070' (P:1 D:1)
[2017.09.08-12.15.58:860][  0]LogWindows:    1. 'NVIDIA GeForce GTX 1070' (P:0 D:0)
[2017.09.08-12.15.58:861][  0]LogWindows:    2. 'NVIDIA GeForce GTX 1070' (P:0 D:0)
[2017.09.08-12.15.58:861][  0]LogWindows:    3. 'NVIDIA GeForce GTX 1070' (P:0 D:0)
[2017.09.08-12.15.58:861][  0]LogWindows: DebugString: FoundDriverCount:4 
[2017.09.08-12.15.58:861][  0]LogD3D11RHI:     Adapter Name: NVIDIA GeForce GTX 1070
[2017.09.08-12.15.58:861][  0]LogD3D11RHI:   Driver Version: 378.78 (internal:21.21.13.7878, unified:378.78)
[2017.09.08-12.15.58:861][  0]LogD3D11RHI:      Driver Date: 2-23-2017
[2017.09.08-12.15.58:861][  0]LogRHI: Texture pool is 1361 MB (70% of 1945 MB)
[2017.09.08-12.15.59:373][  0]LogD3D11RHI: Async texture creation enabled
[2017.09.08-12.15.59:404][  0]LogD3D11RHI: GPU Timing Frequency: 1000.000000 (Debug: 2 1)
[2017.09.08-12.15.59:453][  0]LogShaderCompilers: Guid format shader working directory is 0 characters bigger than the processId version (../../../../../ProjetFps/Projet_Fps/ProjetFps/Intermediate/Shaders/WorkingDirectory/11708/).
[2017.09.08-12.15.59:453][  0]LogShaderCompilers: Cleaned the shader compiler working directory 'C:/Users/yvana/AppData/Local/Temp/UnrealShaderWorkingDir/8EEC2C724F1FE1BA410DFBBE7EC336DC/'.
[2017.09.08-12.15.59:453][  0]LogShaderCompilers: Display: Using Local Shader Compiler.
[2017.09.08-12.16.00:309][  0]LogTemp: Display: Loaded TP AllDesktopTargetPlatform
[2017.09.08-12.16.00:356][  0]LogTemp: Display: Loaded TP MacClientTargetPlatform
[2017.09.08-12.16.00:400][  0]LogTemp: Display: Loaded TP MacNoEditorTargetPlatform
[2017.09.08-12.16.00:441][  0]LogTemp: Display: Loaded TP MacServerTargetPlatform
[2017.09.08-12.16.00:481][  0]LogTemp: Display: Loaded TP MacTargetPlatform
[2017.09.08-12.16.00:521][  0]LogTemp: Display: Loaded TP WindowsClientTargetPlatform
[2017.09.08-12.16.00:561][  0]LogTemp: Display: Loaded TP WindowsNoEditorTargetPlatform
[2017.09.08-12.16.00:600][  0]LogTemp: Display: Loaded TP WindowsServerTargetPlatform
[2017.09.08-12.16.00:634][  0]LogTemp: Display: Loaded TP WindowsTargetPlatform
[2017.09.08-12.16.00:671][  0]LogTemp: Display: Loaded TP AndroidTargetPlatform
[2017.09.08-12.16.00:710][  0]LogTemp: Display: Loaded TP Android_ASTCTargetPlatform
[2017.09.08-12.16.00:749][  0]LogTemp: Display: Loaded TP Android_ATCTargetPlatform
[2017.09.08-12.16.00:786][  0]LogTemp: Display: Loaded TP Android_DXTTargetPlatform
[2017.09.08-12.16.00:824][  0]LogTemp: Display: Loaded TP Android_ETC1TargetPlatform
[2017.09.08-12.16.00:861][  0]LogTemp: Display: Loaded TP Android_ETC2TargetPlatform
[2017.09.08-12.16.00:936][  0]LogTemp: Display: Loaded TP Android_MultiTargetPlatform
[2017.09.08-12.16.00:936][  0]LogTemp: Display: Loaded TP Android_PVRTCTargetPlatform
[2017.09.08-12.16.00:967][  0]LogTemp: Display: Loaded TP HTML5TargetPlatform
[2017.09.08-12.16.01:042][  0]LogTemp: Display: Loaded TP IOSTargetPlatform
[2017.09.08-12.16.01:064][  0]LogTemp: Display: Loaded TP TVOSTargetPlatform
[2017.09.08-12.16.01:104][  0]LogTemp: Display: Loaded TP LinuxClientTargetPlatform
[2017.09.08-12.16.01:144][  0]LogTemp: Display: Loaded TP LinuxNoEditorTargetPlatform
[2017.09.08-12.16.01:182][  0]LogTemp: Display: Loaded TP LinuxServerTargetPlatform
[2017.09.08-12.16.01:221][  0]LogTemp: Display: Loaded TP LinuxTargetPlatform
[2017.09.08-12.16.01:221][  0]LogTargetPlatformManager: Display: Building Assets For Windows
[2017.09.08-12.16.01:550][  0]LogDerivedDataCache: Display: Max Cache Size: 512 MB
[2017.09.08-12.16.01:652][  0]LogDerivedDataCache: Loaded boot cache 0.10s 93MB C:/Users/yvana/AppData/Local/UnrealEngine/4.17/DerivedDataCache/Boot.ddc.
[2017.09.08-12.16.01:652][  0]LogDerivedDataCache: Display: Loaded Boot cache: C:/Users/yvana/AppData/Local/UnrealEngine/4.17/DerivedDataCache/Boot.ddc
[2017.09.08-12.16.01:652][  0]LogDerivedDataCache: FDerivedDataBackendGraph:  Pak pak cache file ../../../../../ProjetFps/Projet_Fps/ProjetFps/DerivedDataCache/DDC.ddp not found, will not use a pak cache.
[2017.09.08-12.16.01:652][  0]LogDerivedDataCache: Unable to find inner node Pak for hierarchical cache Hierarchy.
[2017.09.08-12.16.01:652][  0]LogDerivedDataCache: FDerivedDataBackendGraph:  CompressedPak pak cache file ../../../../../ProjetFps/Projet_Fps/ProjetFps/DerivedDataCache/Compressed.ddp not found, will not use a pak cache.
[2017.09.08-12.16.01:652][  0]LogDerivedDataCache: Unable to find inner node CompressedPak for hierarchical cache Hierarchy.
[2017.09.08-12.16.01:667][  0]LogDerivedDataCache: Display: Pak cache opened for reading ../../../Engine/DerivedDataCache/Compressed.ddp.
[2017.09.08-12.16.01:679][  0]LogDerivedDataCache: Using Local data cache path C:/Users/yvana/AppData/Local/UnrealEngine/Common/DerivedDataCache: Writable
[2017.09.08-12.16.01:690][  0]LogMaterial: Verifying Global Shaders for PCD3D_SM5
[2017.09.08-12.16.01:691][  0]LogSlate: Using Freetype 2.6.0
[2017.09.08-12.16.01:691][  0]LogSlate: SlateFontCache - WITH_FREETYPE: 1, WITH_HARFBUZZ: 1
[2017.09.08-12.16.01:691][  0]LogSlate: SlateFontCache - WITH_FREETYPE: 1, WITH_HARFBUZZ: 1
[2017.09.08-12.16.01:951][  0]LogAssetRegistry: FAssetRegistry took 0.0260 seconds to start up
[2017.09.08-12.16.02:050][  0]LogInit: Selected Device Profile: [Windows]
[2017.09.08-12.16.02:222][  0]LogContentStreaming: Texture pool size is 0.00 MB
[2017.09.08-12.16.02:461][  0]LogSimplygon: Simplygon DLL not present - disabling.
[2017.09.08-12.16.02:495][  0]LogMeshReduction: Using SimplygonSwarm for distributed automatic mesh merging
[2017.09.08-12.16.02:495][  0]LogMeshReduction: Using QuadricMeshReduction for automatic static mesh reduction
[2017.09.08-12.16.02:495][  0]LogMeshReduction: No automatic skeletal mesh reduction module available
[2017.09.08-12.16.02:496][  0]LogMeshReduction: No automatic mesh merging module available
[2017.09.08-12.16.02:496][  0]LogMeshMerging: No automatic mesh merging module available
[2017.09.08-12.16.02:840][  0]LogNetVersion: ProjetFps , NetCL: 3573198, EngineNetVer: 2, GameNetVer: 0 (Checksum: 1706673150)
[2017.09.08-12.16.03:089][  0]LogPackageLocalizationCache: Processed 5 localized package path(s) for 1 prioritized culture(s) in 0.109975 seconds
[2017.09.08-12.16.03:096][  0]LogUObjectArray: 35825 objects as part of root set at end of initial load.
[2017.09.08-12.16.03:096][  0]LogUObjectAllocator: 7529104 out of 0 bytes used by permanent object pool.
[2017.09.08-12.16.03:096][  0]LogUObjectArray: CloseDisregardForGC: 0/0 objects in disregard for GC pool
[2017.09.08-12.16.03:135][  0]LogInit: WinSock: version 1.1 (2.2), MaxSocks=32767, MaxUdp=65467
[2017.09.08-12.16.05:437][  0]LogTcpMessaging: Initializing TcpMessaging bridge
[2017.09.08-12.16.05:475][  0]LogUdpMessaging: Initializing bridge on interface 0.0.0.0:0 to multicast group 230.0.0.1:6666.
[2017.09.08-12.16.06:021][  0]LogMaterial: Uniform references updated for custom material expression Custom.
[2017.09.08-12.16.06:413][  0]SourceControl: Source control is disabled
[2017.09.08-12.16.06:413][  0]SourceControl: Source control is disabled
[2017.09.08-12.16.06:450][  0]SourceControl: Source control is disabled
[2017.09.08-12.16.06:489][  0]SourceControl: Source control is disabled
[2017.09.08-12.16.06:939][  0]LogAndroidPermission: UAndroidPermissionCallbackProxy::GetInstance
[2017.09.08-12.16.07:123][  0]LogOcInput: OculusInput pre-init called
[2017.09.08-12.16.07:324][  0]LogEngine: Initializing Engine...
[2017.09.08-12.16.07:325][  0]LogHMD: Failed to initialize OpenVR with code 110
[2017.09.08-12.16.07:557][  0]LogStats: UGameplayTagsManager::ConstructGameplayTagTree: Construct from data asset -  0.000 s
[2017.09.08-12.16.07:558][  0]LogStats: UGameplayTagsManager::ConstructGameplayTagTree: GameplayTagTreeChangedEvent.Broadcast -  0.000 s
[2017.09.08-12.16.07:663][  0]LogAIModule: Creating AISystem for world Untitled
[2017.09.08-12.16.07:677][  0]LogInit: XAudio2 using 'Haut-parleurs (Logitech G430 Gaming Headset)' : 2 channels at 48 kHz using 16 bits per sample (channel mask 0x3)
[2017.09.08-12.16.07:687][  0]LogInit: FAudioDevice initialized.
[2017.09.08-12.16.07:908][  0]LogDerivedDataCache: Saved boot cache 0.22s 93MB C:/Users/yvana/AppData/Local/UnrealEngine/4.17/DerivedDataCache/Boot.ddc.
[2017.09.08-12.16.07:916][  0]LogInit: Texture streaming: Enabled
[2017.09.08-12.16.07:991][  0]LogEngineSessionManager: EngineSessionManager initialized
[2017.09.08-12.16.08:154][  0]LogInit: Transaction tracking system initialized
[2017.09.08-12.16.08:397][  0]BlueprintLog: New page: Editor Load
[2017.09.08-12.16.09:096][  0]LocalizationService: Localization service is disabled
[2017.09.08-12.16.09:636][  0]LogConsoleResponse: Display: 
[2017.09.08-12.16.09:811][  0]LogFileCache: Scanning file cache for directory 'D:/ProjetFps/Projet_Fps/ProjetFps/Content/' took 0.01s
[2017.09.08-12.16.09:811][  0]LogCook: Display: Max memory allowance for cook 16384mb min free memory 0mb
[2017.09.08-12.16.09:811][  0]LogCook: Display: Mobile HDR setting 1
[2017.09.08-12.16.09:812][  0]LogGameplayTags: Display: UGameplayTagsManager::DoneAddingNativeTags. DelegateIsBound: 0
[2017.09.08-12.16.10:865][  0]SourceControl: Source control is disabled
[2017.09.08-12.16.10:867][  0]LogFactory: FactoryCreateFile: PackFactory with PackFactory (0 0 D:/Games/UE_4.17/FeaturePacks/StarterContent.upack)
[2017.09.08-12.16.10:874][  0]LogPackFactory: Finished extracting 8 files (including 0 errors).
[2017.09.08-12.16.10:926][  0]LogPackFactory: Copied "../../../Samples/StarterContent/Content/StarterContent/Architecture/Floor_400x400.uasset" to "../../../../../ProjetFps/Projet_Fps/ProjetFps/Content/StarterContent/Architecture/Floor_400x400.uasset"
[2017.09.08-12.16.10:938][  0]LogPackFactory: Copied "../../../Samples/StarterContent/Content/StarterContent/Architecture/Pillar_50x500.uasset" to "../../../../../ProjetFps/Projet_Fps/ProjetFps/Content/StarterContent/Architecture/Pillar_50x500.uasset"
[2017.09.08-12.16.10:948][  0]LogPackFactory: Copied "../../../Samples/StarterContent/Content/StarterContent/Architecture/SM_AssetPlatform.uasset" to "../../../../../ProjetFps/Projet_Fps/ProjetFps/Content/StarterContent/Architecture/SM_AssetPlatform.uasset"
[2017.09.08-12.16.10:957][  0]LogPackFactory: Copied "../../../Samples/StarterContent/Content/StarterContent/Architecture/Wall_400x200.uasset" to "../../../../../ProjetFps/Projet_Fps/ProjetFps/Content/StarterContent/Architecture/Wall_400x200.uasset"
[2017.09.08-12.16.10:965][  0]LogPackFactory: Copied "../../../Samples/StarterContent/Content/StarterContent/Architecture/Wall_400x300.uasset" to "../../../../../ProjetFps/Projet_Fps/ProjetFps/Content/StarterContent/Architecture/Wall_400x300.uasset"
[2017.09.08-12.16.10:978][  0]LogPackFactory: Copied "../../../Samples/StarterContent/Content/StarterContent/Architecture/Wall_400x400.uasset" to "../../../../../ProjetFps/Projet_Fps/ProjetFps/Content/StarterContent/Architecture/Wall_400x400.uasset"
[2017.09.08-12.16.10:985][  0]LogPackFactory: Copied "../../../Samples/StarterContent/Content/StarterContent/Architecture/Wall_500x500.uasset" to "../../../../../ProjetFps/Projet_Fps/ProjetFps/Content/StarterContent/Architecture/Wall_500x500.uasset"
[2017.09.08-12.16.10:994][  0]LogPackFactory: Copied "../../../Samples/StarterContent/Content/StarterContent/Architecture/Wall_Door_400x300.uasset" to "../../../../../ProjetFps/Projet_Fps/ProjetFps/Content/StarterContent/Architecture/Wall_Door_400x300.uasset"
[2017.09.08-12.16.11:003][  0]LogPackFactory: Copied "../../../Samples/StarterContent/Content/StarterContent/Architecture/Wall_Door_400x400.uasset" to "../../../../../ProjetFps/Projet_Fps/ProjetFps/Content/StarterContent/Architecture/Wall_Door_400x400.uasset"
[2017.09.08-12.16.11:027][  0]LogPackFactory: Copied "../../../Samples/StarterContent/Content/StarterContent/Architecture/Wall_Window_400x300.uasset" to "../../../../../ProjetFps/Projet_Fps/ProjetFps/Content/StarterContent/Architecture/Wall_Window_400x300.uasset"
[2017.09.08-12.16.11:043][  0]LogPackFactory: Copied "../../../Samples/StarterContent/Content/StarterContent/Architecture/Wall_Window_400x400.uasset" to "../../../../../ProjetFps/Projet_Fps/ProjetFps/Content/StarterContent/Architecture/Wall_Window_400x400.uasset"
[2017.09.08-12.16.11:086][  0]LogPackFactory: Copied "../../../Samples/StarterContent/Content/StarterContent/Audio/Collapse01.uasset" to "../../../../../ProjetFps/Projet_Fps/ProjetFps/Content/StarterContent/Audio/Collapse01.uasset"
[2017.09.08-12.16.11:093][  0]LogPackFactory: Copied "../../../Samples/StarterContent/Content/StarterContent/Audio/Collapse02.uasset" to "../../../../../ProjetFps/Projet_Fps/ProjetFps/Content/StarterContent/Audio/Collapse02.uasset"
[2017.09.08-12.16.11:108][  0]LogPackFactory: Copied "../../../Samples/StarterContent/Content/StarterContent/Audio/Collapse_Cue.uasset" to "../../../../../ProjetFps/Projet_Fps/ProjetFps/Content/StarterContent/Audio/Collapse_Cue.uasset"
[2017.09.08-12.16.11:140][  0]LogPackFactory: Copied "../../../Samples/StarterContent/Content/StarterContent/Audio/Explosion01.uasset" to "../../../../../ProjetFps/Projet_Fps/ProjetFps/Content/StarterContent/Audio/Explosion01.uasset"
[2017.09.08-12.16.11:157][  0]LogPackFactory: Copied "../../../Samples/StarterContent/Content/StarterContent/Audio/Explosion02.uasset" to "../../../../../ProjetFps/Projet_Fps/ProjetFps/Content/StarterContent/Audio/Explosion02.uasset"
[2017.09.08-12.16.11:180][  0]LogPackFactory: Copied "../../../Samples/StarterContent/Content/StarterContent/Audio/Explosion_Cue.uasset" to "../../../../../ProjetFps/Projet_Fps/ProjetFps/Content/StarterContent/Audio/Explosion_Cue.uasset"
[2017.09.08-12.16.11:213][  0]LogPackFactory: Copied "../../../Samples/StarterContent/Content/StarterContent/Audio/Fire01.uasset" to "../../../../../ProjetFps/Projet_Fps/ProjetFps/Content/StarterContent/Audio/Fire01.uasset"
[2017.09.08-12.16.11:215][  0]LogPackFactory: Copied "../../../Samples/StarterContent/Content/StarterContent/Audio/Fire01_Cue.uasset" to "../../../../../ProjetFps/Projet_Fps/ProjetFps/Content/StarterContent/Audio/Fire01_Cue.uasset"
[2017.09.08-12.16.11:228][  0]LogPackFactory: Copied "../../../Samples/StarterContent/Content/StarterContent/Audio/Fire_Sparks01.uasset" to "../../../../../ProjetFps/Projet_Fps/ProjetFps/Content/StarterContent/Audio/Fire_Sparks01.uasset"
[2017.09.08-12.16.11:229][  0]LogPackFactory: Copied "../../../Samples/StarterContent/Content/StarterContent/Audio/Fire_Sparks01_Cue.uasset" to "../../../../../ProjetFps/Projet_Fps/ProjetFps/Content/StarterContent/Audio/Fire_Sparks01_Cue.uasset"
[2017.09.08-12.16.11:243][  0]LogPackFactory: Copied "../../../Samples/StarterContent/Content/StarterContent/Audio/Light01.uasset" to "../../../../../ProjetFps/Projet_Fps/ProjetFps/Content/StarterContent/Audio/Light01.uasset"
[2017.09.08-12.16.11:260][  0]LogPackFactory: Copied "../../../Samples/StarterContent/Content/StarterContent/Audio/Light01_Cue.uasset" to "../../../../../ProjetFps/Projet_Fps/ProjetFps/Content/StarterContent/Audio/Light01_Cue.uasset"
[2017.09.08-12.16.11:278][  0]LogPackFactory: Copied "../../../Samples/StarterContent/Content/StarterContent/Audio/Light02.uasset" to "../../../../../ProjetFps/Projet_Fps/ProjetFps/Content/StarterContent/Audio/Light02.uasset"
[2017.09.08-12.16.11:280][  0]LogPackFactory: Copied "../../../Samples/StarterContent/Content/StarterContent/Audio/Light02_Cue.uasset" to "../../../../../ProjetFps/Projet_Fps/ProjetFps/Content/StarterContent/Audio/Light02_Cue.uasset"
[2017.09.08-12.16.11:290][  0]LogPackFactory: Copied "../../../Samples/StarterContent/Content/StarterContent/Audio/Smoke01.uasset" to "../../../../../ProjetFps/Projet_Fps/ProjetFps/Content/StarterContent/Audio/Smoke01.uasset"
[2017.09.08-12.16.11:291][  0]LogPackFactory: Copied "../../../Samples/StarterContent/Content/StarterContent/Audio/Smoke01_Cue.uasset" to "../../../../../ProjetFps/Projet_Fps/ProjetFps/Content/StarterContent/Audio/Smoke01_Cue.uasset"
[2017.09.08-12.16.11:292][  0]LogPackFactory: Copied "../../../Samples/StarterContent/Content/StarterContent/Audio/Starter_Background_Cue.uasset" to "../../../../../ProjetFps/Projet_Fps/ProjetFps/Content/StarterContent/Audio/Starter_Background_Cue.uasset"
[2017.09.08-12.16.11:317][  0]LogPackFactory: Copied "../../../Samples/StarterContent/Content/StarterContent/Audio/Starter_Birds01.uasset" to "../../../../../ProjetFps/Projet_Fps/ProjetFps/Content/StarterContent/Audio/Starter_Birds01.uasset"
[2017.09.08-12.16.11:384][  0]LogPackFactory: Copied "../../../Samples/StarterContent/Content/StarterContent/Audio/Starter_Music01.uasset" to "../../../../../ProjetFps/Projet_Fps/ProjetFps/Content/StarterContent/Audio/Starter_Music01.uasset"
[2017.09.08-12.16.11:410][  0]LogPackFactory: Copied "../../../Samples/StarterContent/Content/StarterContent/Audio/Starter_Music_Cue.uasset" to "../../../../../ProjetFps/Projet_Fps/ProjetFps/Content/StarterContent/Audio/Starter_Music_Cue.uasset"
[2017.09.08-12.16.11:440][  0]LogPackFactory: Copied "../../../Samples/StarterContent/Content/StarterContent/Audio/Starter_Wind05.uasset" to "../../../../../ProjetFps/Projet_Fps/ProjetFps/Content/StarterContent/Audio/Starter_Wind05.uasset"
[2017.09.08-12.16.11:456][  0]LogPackFactory: Copied "../../../Samples/StarterContent/Content/StarterContent/Audio/Starter_Wind06.uasset" to "../../../../../ProjetFps/Projet_Fps/ProjetFps/Content/StarterContent/Audio/Starter_Wind06.uasset"
[2017.09.08-12.16.11:471][  0]LogPackFactory: Copied "../../../Samples/StarterContent/Content/StarterContent/Audio/Steam01.uasset" to "../../../../../ProjetFps/Projet_Fps/ProjetFps/Content/StarterContent/Audio/Steam01.uasset"
[2017.09.08-12.16.11:495][  0]LogPackFactory: Copied "../../../Samples/StarterContent/Content/StarterContent/Audio/Steam01_Cue.uasset" to "../../../../../ProjetFps/Projet_Fps/ProjetFps/Content/StarterContent/Audio/Steam01_Cue.uasset"
[2017.09.08-12.16.11:520][  0]LogPackFactory: Copied "../../../Samples/StarterContent/Content/StarterContent/Blueprints/Blueprint_CeilingLight.uasset" to "../../../../../ProjetFps/Projet_Fps/ProjetFps/Content/StarterContent/Blueprints/Blueprint_CeilingLight.uasset"
[2017.09.08-12.16.11:531][  0]LogPackFactory: Copied "../../../Samples/StarterContent/Content/StarterContent/Blueprints/Blueprint_Effect_Explosion.uasset" to "../../../../../ProjetFps/Projet_Fps/ProjetFps/Content/StarterContent/Blueprints/Blueprint_Effect_Explosion.uasset"
[2017.09.08-12.16.11:541][  0]LogPackFactory: Copied "../../../Samples/StarterContent/Content/StarterContent/Blueprints/Blueprint_Effect_Fire.uasset" to "../../../../../ProjetFps/Projet_Fps/ProjetFps/Content/StarterContent/Blueprints/Blueprint_Effect_Fire.uasset"
[2017.09.08-12.16.11:554][  0]LogPackFactory: Copied "../../../Samples/StarterContent/Content/StarterContent/Blueprints/Blueprint_Effect_Smoke.uasset" to "../../../../../ProjetFps/Projet_Fps/ProjetFps/Content/StarterContent/Blueprints/Blueprint_Effect_Smoke.uasset"
[2017.09.08-12.16.11:566][  0]LogPackFactory: Copied "../../../Samples/StarterContent/Content/StarterContent/Blueprints/Blueprint_Effect_Sparks.uasset" to "../../../../../ProjetFps/Projet_Fps/ProjetFps/Content/StarterContent/Blueprints/Blueprint_Effect_Sparks.uasset"
[2017.09.08-12.16.11:574][  0]LogPackFactory: Copied "../../../Samples/StarterContent/Content/StarterContent/Blueprints/Blueprint_Effect_Steam.uasset" to "../../../../../ProjetFps/Projet_Fps/ProjetFps/Content/StarterContent/Blueprints/Blueprint_Effect_Steam.uasset"
[2017.09.08-12.16.11:586][  0]LogPackFactory: Copied "../../../Samples/StarterContent/Content/StarterContent/Blueprints/Blueprint_WallSconce.uasset" to "../../../../../ProjetFps/Projet_Fps/ProjetFps/Content/StarterContent/Blueprints/Blueprint_WallSconce.uasset"
[2017.09.08-12.16.11:642][  0]LogPackFactory: Copied "../../../Samples/StarterContent/Content/StarterContent/Blueprints/BP_LightStudio.uasset" to "../../../../../ProjetFps/Projet_Fps/ProjetFps/Content/StarterContent/Blueprints/BP_LightStudio.uasset"
[2017.09.08-12.16.11:666][  0]LogPackFactory: Copied "../../../Samples/StarterContent/Content/StarterContent/Blueprints/Assets/FogBrightnessLUT.uasset" to "../../../../../ProjetFps/Projet_Fps/ProjetFps/Content/StarterContent/Blueprints/Assets/FogBrightnessLUT.uasset"
[2017.09.08-12.16.11:690][  0]LogPackFactory: Copied "../../../Samples/StarterContent/Content/StarterContent/Blueprints/Assets/M_LightStage_Arrows.uasset" to "../../../../../ProjetFps/Projet_Fps/ProjetFps/Content/StarterContent/Blueprints/Assets/M_LightStage_Arrows.uasset"
[2017.09.08-12.16.11:707][  0]LogPackFactory: Copied "../../../Samples/StarterContent/Content/StarterContent/Blueprints/Assets/M_LightStage_Skybox_Black.uasset" to "../../../../../ProjetFps/Projet_Fps/ProjetFps/Content/StarterContent/Blueprints/Assets/M_LightStage_Skybox_Black.uasset"
[2017.09.08-12.16.11:729][  0]LogPackFactory: Copied "../../../Samples/StarterContent/Content/StarterContent/Blueprints/Assets/M_LightStage_Skybox_HDRI.uasset" to "../../../../../ProjetFps/Projet_Fps/ProjetFps/Content/StarterContent/Blueprints/Assets/M_LightStage_Skybox_HDRI.uasset"
[2017.09.08-12.16.11:744][  0]LogPackFactory: Copied "../../../Samples/StarterContent/Content/StarterContent/Blueprints/Assets/M_LightStage_Skybox_Master.uasset" to "../../../../../ProjetFps/Projet_Fps/ProjetFps/Content/StarterContent/Blueprints/Assets/M_LightStage_Skybox_Master.uasset"
[2017.09.08-12.16.11:766][  0]LogPackFactory: Copied "../../../Samples/StarterContent/Content/StarterContent/Blueprints/Assets/Skybox.uasset" to "../../../../../ProjetFps/Projet_Fps/ProjetFps/Content/StarterContent/Blueprints/Assets/Skybox.uasset"
[2017.09.08-12.16.11:790][  0]LogPackFactory: Copied "../../../Samples/StarterContent/Content/StarterContent/Blueprints/Assets/SM_Arrows.uasset" to "../../../../../ProjetFps/Projet_Fps/ProjetFps/Content/StarterContent/Blueprints/Assets/SM_Arrows.uasset"
[2017.09.08-12.16.11:792][  0]LogPackFactory: Copied "../../../Samples/StarterContent/Content/StarterContent/Blueprints/Assets/SunlightColorLUT.uasset" to "../../../../../ProjetFps/Projet_Fps/ProjetFps/Content/StarterContent/Blueprints/Assets/SunlightColorLUT.uasset"
[2017.09.08-12.16.12:474][  0]LogPackFactory: Copied "../../../Samples/StarterContent/Content/StarterContent/HDRI/HDRI_Epic_Courtyard_Daylight.uasset" to "../../../../../ProjetFps/Projet_Fps/ProjetFps/Content/StarterContent/HDRI/HDRI_Epic_Courtyard_Daylight.uasset"
[2017.09.08-12.16.12:525][  0]LogPackFactory: Copied "../../../Samples/StarterContent/Content/StarterContent/Maps/Advanced_Lighting.umap" to "../../../../../ProjetFps/Projet_Fps/ProjetFps/Content/StarterContent/Maps/Advanced_Lighting.umap"
[2017.09.08-12.16.12:545][  0]LogPackFactory: Copied "../../../Samples/StarterContent/Content/StarterContent/Maps/Advanced_Lighting_BuiltData.uasset" to "../../../../../ProjetFps/Projet_Fps/ProjetFps/Content/StarterContent/Maps/Advanced_Lighting_BuiltData.uasset"
[2017.09.08-12.16.12:563][  0]LogPackFactory: Copied "../../../Samples/StarterContent/Content/StarterContent/Maps/Minimal_Default.umap" to "../../../../../ProjetFps/Projet_Fps/ProjetFps/Content/StarterContent/Maps/Minimal_Default.umap"
[2017.09.08-12.16.12:574][  0]LogPackFactory: Copied "../../../Samples/StarterContent/Content/StarterContent/Maps/Minimal_Default_BuiltData.uasset" to "../../../../../ProjetFps/Projet_Fps/ProjetFps/Content/StarterContent/Maps/Minimal_Default_BuiltData.uasset"
[2017.09.08-12.16.12:618][  0]LogPackFactory: Copied "../../../Samples/StarterContent/Content/StarterContent/Maps/StarterMap.umap" to "../../../../../ProjetFps/Projet_Fps/ProjetFps/Content/StarterContent/Maps/StarterMap.umap"
[2017.09.08-12.16.12:695][  0]LogPackFactory: Copied "../../../Samples/StarterContent/Content/StarterContent/Maps/StarterMap_BuiltData.uasset" to "../../../../../ProjetFps/Projet_Fps/ProjetFps/Content/StarterContent/Maps/StarterMap_BuiltData.uasset"
[2017.09.08-12.16.12:735][  0]LogPackFactory: Copied "../../../Samples/StarterContent/Content/StarterContent/Materials/M_AssetPlatform.uasset" to "../../../../../ProjetFps/Projet_Fps/ProjetFps/Content/StarterContent/Materials/M_AssetPlatform.uasset"
[2017.09.08-12.16.12:748][  0]LogPackFactory: Copied "../../../Samples/StarterContent/Content/StarterContent/Materials/M_Basic_Floor.uasset" to "../../../../../ProjetFps/Projet_Fps/ProjetFps/Content/StarterContent/Materials/M_Basic_Floor.uasset"
[2017.09.08-12.16.12:756][  0]LogPackFactory: Copied "../../../Samples/StarterContent/Content/StarterContent/Materials/M_Basic_Wall.uasset" to "../../../../../ProjetFps/Projet_Fps/ProjetFps/Content/StarterContent/Materials/M_Basic_Wall.uasset"
[2017.09.08-12.16.12:765][  0]LogPackFactory: Copied "../../../Samples/StarterContent/Content/StarterContent/Materials/M_Brick_Clay_Beveled.uasset" to "../../../../../ProjetFps/Projet_Fps/ProjetFps/Content/StarterContent/Materials/M_Brick_Clay_Beveled.uasset"
[2017.09.08-12.16.12:782][  0]LogPackFactory: Copied "../../../Samples/StarterContent/Content/StarterContent/Materials/M_Brick_Clay_New.uasset" to "../../../../../ProjetFps/Projet_Fps/ProjetFps/Content/StarterContent/Materials/M_Brick_Clay_New.uasset"
[2017.09.08-12.16.12:795][  0]LogPackFactory: Copied "../../../Samples/StarterContent/Content/StarterContent/Materials/M_Brick_Clay_Old.uasset" to "../../../../../ProjetFps/Projet_Fps/ProjetFps/Content/StarterContent/Materials/M_Brick_Clay_Old.uasset"
[2017.09.08-12.16.12:817][  0]LogPackFactory: Copied "../../../Samples/StarterContent/Content/StarterContent/Materials/M_Brick_Cut_Stone.uasset" to "../../../../../ProjetFps/Projet_Fps/ProjetFps/Content/StarterContent/Materials/M_Brick_Cut_Stone.uasset"
[2017.09.08-12.16.12:825][  0]LogPackFactory: Copied "../../../Samples/StarterContent/Content/StarterContent/Materials/M_Brick_Hewn_Stone.uasset" to "../../../../../ProjetFps/Projet_Fps/ProjetFps/Content/StarterContent/Materials/M_Brick_Hewn_Stone.uasset"
[2017.09.08-12.16.12:843][  0]LogPackFactory: Copied "../../../Samples/StarterContent/Content/StarterContent/Materials/M_Ceramic_Tile_Checker.uasset" to "../../../../../ProjetFps/Projet_Fps/ProjetFps/Content/StarterContent/Materials/M_Ceramic_Tile_Checker.uasset"
[2017.09.08-12.16.12:864][  0]LogPackFactory: Copied "../../../Samples/StarterContent/Content/StarterContent/Materials/M_CobbleStone_Pebble.uasset" to "../../../../../ProjetFps/Projet_Fps/ProjetFps/Content/StarterContent/Materials/M_CobbleStone_Pebble.uasset"
[2017.09.08-12.16.12:884][  0]LogPackFactory: Copied "../../../Samples/StarterContent/Content/StarterContent/Materials/M_CobbleStone_Rough.uasset" to "../../../../../ProjetFps/Projet_Fps/ProjetFps/Content/StarterContent/Materials/M_CobbleStone_Rough.uasset"
[2017.09.08-12.16.12:897][  0]LogPackFactory: Copied "../../../Samples/StarterContent/Content/StarterContent/Materials/M_CobbleStone_Smooth.uasset" to "../../../../../ProjetFps/Projet_Fps/ProjetFps/Content/StarterContent/Materials/M_CobbleStone_Smooth.uasset"
[2017.09.08-12.16.12:917][  0]LogPackFactory: Copied "../../../Samples/StarterContent/Content/StarterContent/Materials/M_ColorGrid_LowSpec.uasset" to "../../../../../ProjetFps/Projet_Fps/ProjetFps/Content/StarterContent/Materials/M_ColorGrid_LowSpec.uasset"
[2017.09.08-12.16.12:946][  0]LogPackFactory: Copied "../../../Samples/StarterContent/Content/StarterContent/Materials/M_Concrete_Grime.uasset" to "../../../../../ProjetFps/Projet_Fps/ProjetFps/Content/StarterContent/Materials/M_Concrete_Grime.uasset"
[2017.09.08-12.16.12:997][  0]LogPackFactory: Copied "../../../Samples/StarterContent/Content/StarterContent/Materials/M_Concrete_Panels.uasset" to "../../../../../ProjetFps/Projet_Fps/ProjetFps/Content/StarterContent/Materials/M_Concrete_Panels.uasset"
[2017.09.08-12.16.13:005][  0]LogPackFactory: Copied "../../../Samples/StarterContent/Content/StarterContent/Materials/M_Concrete_Poured.uasset" to "../../../../../ProjetFps/Projet_Fps/ProjetFps/Content/StarterContent/Materials/M_Concrete_Poured.uasset"
[2017.09.08-12.16.13:048][  0]LogPackFactory: Copied "../../../Samples/StarterContent/Content/StarterContent/Materials/M_Concrete_Tiles.uasset" to "../../../../../ProjetFps/Projet_Fps/ProjetFps/Content/StarterContent/Materials/M_Concrete_Tiles.uasset"
[2017.09.08-12.16.13:061][  0]LogPackFactory: Copied "../../../Samples/StarterContent/Content/StarterContent/Materials/M_Glass.uasset" to "../../../../../ProjetFps/Projet_Fps/ProjetFps/Content/StarterContent/Materials/M_Glass.uasset"
[2017.09.08-12.16.13:073][  0]LogPackFactory: Copied "../../../Samples/StarterContent/Content/StarterContent/Materials/M_Ground_Grass.uasset" to "../../../../../ProjetFps/Projet_Fps/ProjetFps/Content/StarterContent/Materials/M_Ground_Grass.uasset"
[2017.09.08-12.16.13:081][  0]LogPackFactory: Copied "../../../Samples/StarterContent/Content/StarterContent/Materials/M_Ground_Gravel.uasset" to "../../../../../ProjetFps/Projet_Fps/ProjetFps/Content/StarterContent/Materials/M_Ground_Gravel.uasset"
[2017.09.08-12.16.13:091][  0]LogPackFactory: Copied "../../../Samples/StarterContent/Content/StarterContent/Materials/M_Ground_Moss.uasset" to "../../../../../ProjetFps/Projet_Fps/ProjetFps/Content/StarterContent/Materials/M_Ground_Moss.uasset"
[2017.09.08-12.16.13:106][  0]LogPackFactory: Copied "../../../Samples/StarterContent/Content/StarterContent/Materials/M_Metal_Brushed_Nickel.uasset" to "../../../../../ProjetFps/Projet_Fps/ProjetFps/Content/StarterContent/Materials/M_Metal_Brushed_Nickel.uasset"
[2017.09.08-12.16.13:116][  0]LogPackFactory: Copied "../../../Samples/StarterContent/Content/StarterContent/Materials/M_Metal_Burnished_Steel.uasset" to "../../../../../ProjetFps/Projet_Fps/ProjetFps/Content/StarterContent/Materials/M_Metal_Burnished_Steel.uasset"
[2017.09.08-12.16.13:135][  0]LogPackFactory: Copied "../../../Samples/StarterContent/Content/StarterContent/Materials/M_Metal_Chrome.uasset" to "../../../../../ProjetFps/Projet_Fps/ProjetFps/Content/StarterContent/Materials/M_Metal_Chrome.uasset"
[2017.09.08-12.16.13:149][  0]LogPackFactory: Copied "../../../Samples/StarterContent/Content/StarterContent/Materials/M_Metal_Copper.uasset" to "../../../../../ProjetFps/Projet_Fps/ProjetFps/Content/StarterContent/Materials/M_Metal_Copper.uasset"
[2017.09.08-12.16.13:160][  0]LogPackFactory: Copied "../../../Samples/StarterContent/Content/StarterContent/Materials/M_Metal_Gold.uasset" to "../../../../../ProjetFps/Projet_Fps/ProjetFps/Content/StarterContent/Materials/M_Metal_Gold.uasset"
[2017.09.08-12.16.13:171][  0]LogPackFactory: Copied "../../../Samples/StarterContent/Content/StarterContent/Materials/M_Metal_Rust.uasset" to "../../../../../ProjetFps/Projet_Fps/ProjetFps/Content/StarterContent/Materials/M_Metal_Rust.uasset"
[2017.09.08-12.16.13:182][  0]LogPackFactory: Copied "../../../Samples/StarterContent/Content/StarterContent/Materials/M_Metal_Steel.uasset" to "../../../../../ProjetFps/Projet_Fps/ProjetFps/Content/StarterContent/Materials/M_Metal_Steel.uasset"
[2017.09.08-12.16.13:192][  0]LogPackFactory: Copied "../../../Samples/StarterContent/Content/StarterContent/Materials/M_Rock_Basalt.uasset" to "../../../../../ProjetFps/Projet_Fps/ProjetFps/Content/StarterContent/Materials/M_Rock_Basalt.uasset"
[2017.09.08-12.16.13:199][  0]LogPackFactory: Copied "../../../Samples/StarterContent/Content/StarterContent/Materials/M_Rock_Marble_Polished.uasset" to "../../../../../ProjetFps/Projet_Fps/ProjetFps/Content/StarterContent/Materials/M_Rock_Marble_Polished.uasset"
[2017.09.08-12.16.13:236][  0]LogPackFactory: Copied "../../../Samples/StarterContent/Content/StarterContent/Materials/M_Rock_Sandstone.uasset" to "../../../../../ProjetFps/Projet_Fps/ProjetFps/Content/StarterContent/Materials/M_Rock_Sandstone.uasset"
[2017.09.08-12.16.13:263][  0]LogPackFactory: Copied "../../../Samples/StarterContent/Content/StarterContent/Materials/M_Rock_Slate.uasset" to "../../../../../ProjetFps/Projet_Fps/ProjetFps/Content/StarterContent/Materials/M_Rock_Slate.uasset"
[2017.09.08-12.16.13:283][  0]LogPackFactory: Copied "../../../Samples/StarterContent/Content/StarterContent/Materials/M_Tech_Checker_Dot.uasset" to "../../../../../ProjetFps/Projet_Fps/ProjetFps/Content/StarterContent/Materials/M_Tech_Checker_Dot.uasset"
[2017.09.08-12.16.13:293][  0]LogPackFactory: Copied "../../../Samples/StarterContent/Content/StarterContent/Materials/M_Tech_Hex_Tile.uasset" to "../../../../../ProjetFps/Projet_Fps/ProjetFps/Content/StarterContent/Materials/M_Tech_Hex_Tile.uasset"
[2017.09.08-12.16.13:300][  0]LogPackFactory: Copied "../../../Samples/StarterContent/Content/StarterContent/Materials/M_Tech_Hex_Tile_Pulse.uasset" to "../../../../../ProjetFps/Projet_Fps/ProjetFps/Content/StarterContent/Materials/M_Tech_Hex_Tile_Pulse.uasset"
[2017.09.08-12.16.13:308][  0]LogPackFactory: Copied "../../../Samples/StarterContent/Content/StarterContent/Materials/M_Tech_Panel.uasset" to "../../../../../ProjetFps/Projet_Fps/ProjetFps/Content/StarterContent/Materials/M_Tech_Panel.uasset"
[2017.09.08-12.16.13:321][  0]LogPackFactory: Copied "../../../Samples/StarterContent/Content/StarterContent/Materials/M_Water_Lake.uasset" to "../../../../../ProjetFps/Projet_Fps/ProjetFps/Content/StarterContent/Materials/M_Water_Lake.uasset"
[2017.09.08-12.16.13:336][  0]LogPackFactory: Copied "../../../Samples/StarterContent/Content/StarterContent/Materials/M_Water_Ocean.uasset" to "../../../../../ProjetFps/Projet_Fps/ProjetFps/Content/StarterContent/Materials/M_Water_Ocean.uasset"
[2017.09.08-12.16.13:354][  0]LogPackFactory: Copied "../../../Samples/StarterContent/Content/StarterContent/Materials/M_Wood_Floor_Walnut_Polished.uasset" to "../../../../../ProjetFps/Projet_Fps/ProjetFps/Content/StarterContent/Materials/M_Wood_Floor_Walnut_Polished.uasset"
[2017.09.08-12.16.13:368][  0]LogPackFactory: Copied "../../../Samples/StarterContent/Content/StarterContent/Materials/M_Wood_Floor_Walnut_Worn.uasset" to "../../../../../ProjetFps/Projet_Fps/ProjetFps/Content/StarterContent/Materials/M_Wood_Floor_Walnut_Worn.uasset"
[2017.09.08-12.16.13:382][  0]LogPackFactory: Copied "../../../Samples/StarterContent/Content/StarterContent/Materials/M_Wood_Oak.uasset" to "../../../../../ProjetFps/Projet_Fps/ProjetFps/Content/StarterContent/Materials/M_Wood_Oak.uasset"
[2017.09.08-12.16.13:389][  0]LogPackFactory: Copied "../../../Samples/StarterContent/Content/StarterContent/Materials/M_Wood_Pine.uasset" to "../../../../../ProjetFps/Projet_Fps/ProjetFps/Content/StarterContent/Materials/M_Wood_Pine.uasset"
[2017.09.08-12.16.13:399][  0]LogPackFactory: Copied "../../../Samples/StarterContent/Content/StarterContent/Materials/M_Wood_Walnut.uasset" to "../../../../../ProjetFps/Projet_Fps/ProjetFps/Content/StarterContent/Materials/M_Wood_Walnut.uasset"
[2017.09.08-12.16.13:405][  0]LogPackFactory: Copied "../../../Samples/StarterContent/Content/StarterContent/Particles/P_Ambient_Dust.uasset" to "../../../../../ProjetFps/Projet_Fps/ProjetFps/Content/StarterContent/Particles/P_Ambient_Dust.uasset"
[2017.09.08-12.16.13:440][  0]LogPackFactory: Copied "../../../Samples/StarterContent/Content/StarterContent/Particles/P_Explosion.uasset" to "../../../../../ProjetFps/Projet_Fps/ProjetFps/Content/StarterContent/Particles/P_Explosion.uasset"
[2017.09.08-12.16.13:446][  0]LogPackFactory: Copied "../../../Samples/StarterContent/Content/StarterContent/Particles/P_Fire.uasset" to "../../../../../ProjetFps/Projet_Fps/ProjetFps/Content/StarterContent/Particles/P_Fire.uasset"
[2017.09.08-12.16.13:457][  0]LogPackFactory: Copied "../../../Samples/StarterContent/Content/StarterContent/Particles/P_Smoke.uasset" to "../../../../../ProjetFps/Projet_Fps/ProjetFps/Content/StarterContent/Particles/P_Smoke.uasset"
[2017.09.08-12.16.13:464][  0]LogPackFactory: Copied "../../../Samples/StarterContent/Content/StarterContent/Particles/P_Sparks.uasset" to "../../../../../ProjetFps/Projet_Fps/ProjetFps/Content/StarterContent/Particles/P_Sparks.uasset"
[2017.09.08-12.16.13:474][  0]LogPackFactory: Copied "../../../Samples/StarterContent/Content/StarterContent/Particles/P_Steam_Lit.uasset" to "../../../../../ProjetFps/Projet_Fps/ProjetFps/Content/StarterContent/Particles/P_Steam_Lit.uasset"
[2017.09.08-12.16.13:488][  0]LogPackFactory: Copied "../../../Samples/StarterContent/Content/StarterContent/Particles/Materials/M_Burst.uasset" to "../../../../../ProjetFps/Projet_Fps/ProjetFps/Content/StarterContent/Particles/Materials/M_Burst.uasset"
[2017.09.08-12.16.13:531][  0]LogPackFactory: Copied "../../../Samples/StarterContent/Content/StarterContent/Particles/Materials/M_Dust_Particle.uasset" to "../../../../../ProjetFps/Projet_Fps/ProjetFps/Content/StarterContent/Particles/Materials/M_Dust_Particle.uasset"
[2017.09.08-12.16.13:547][  0]LogPackFactory: Copied "../../../Samples/StarterContent/Content/StarterContent/Particles/Materials/M_explosion_subUV.uasset" to "../../../../../ProjetFps/Projet_Fps/ProjetFps/Content/StarterContent/Particles/Materials/M_explosion_subUV.uasset"
[2017.09.08-12.16.13:591][  0]LogPackFactory: Copied "../../../Samples/StarterContent/Content/StarterContent/Particles/Materials/M_Fire_SubUV.uasset" to "../../../../../ProjetFps/Projet_Fps/ProjetFps/Content/StarterContent/Particles/Materials/M_Fire_SubUV.uasset"
[2017.09.08-12.16.13:593][  0]LogPackFactory: Copied "../../../Samples/StarterContent/Content/StarterContent/Particles/Materials/m_flare_01.uasset" to "../../../../../ProjetFps/Projet_Fps/ProjetFps/Content/StarterContent/Particles/Materials/m_flare_01.uasset"
[2017.09.08-12.16.13:629][  0]LogPackFactory: Copied "../../../Samples/StarterContent/Content/StarterContent/Particles/Materials/M_Heat_Distortion.uasset" to "../../../../../ProjetFps/Projet_Fps/ProjetFps/Content/StarterContent/Particles/Materials/M_Heat_Distortion.uasset"
[2017.09.08-12.16.13:636][  0]LogPackFactory: Copied "../../../Samples/StarterContent/Content/StarterContent/Particles/Materials/M_Radial_Gradient.uasset" to "../../../../../ProjetFps/Projet_Fps/ProjetFps/Content/StarterContent/Particles/Materials/M_Radial_Gradient.uasset"
[2017.09.08-12.16.13:651][  0]LogPackFactory: Copied "../../../Samples/StarterContent/Content/StarterContent/Particles/Materials/M_radial_ramp.uasset" to "../../../../../ProjetFps/Projet_Fps/ProjetFps/Content/StarterContent/Particles/Materials/M_radial_ramp.uasset"
[2017.09.08-12.16.13:666][  0]LogPackFactory: Copied "../../../Samples/StarterContent/Content/StarterContent/Particles/Materials/M_smoke_subUV.uasset" to "../../../../../ProjetFps/Projet_Fps/ProjetFps/Content/StarterContent/Particles/Materials/M_smoke_subUV.uasset"
[2017.09.08-12.16.13:688][  0]LogPackFactory: Copied "../../../Samples/StarterContent/Content/StarterContent/Particles/Materials/M_Spark.uasset" to "../../../../../ProjetFps/Projet_Fps/ProjetFps/Content/StarterContent/Particles/Materials/M_Spark.uasset"
[2017.09.08-12.16.13:699][  0]LogPackFactory: Copied "../../../Samples/StarterContent/Content/StarterContent/Props/MaterialSphere.uasset" to "../../../../../ProjetFps/Projet_Fps/ProjetFps/Content/StarterContent/Props/MaterialSphere.uasset"
[2017.09.08-12.16.13:720][  0]LogPackFactory: Copied "../../../Samples/StarterContent/Content/StarterContent/Props/SM_Bush.uasset" to "../../../../../ProjetFps/Projet_Fps/ProjetFps/Content/StarterContent/Props/SM_Bush.uasset"
[2017.09.08-12.16.13:727][  0]LogPackFactory: Copied "../../../Samples/StarterContent/Content/StarterContent/Props/SM_Chair.uasset" to "../../../../../ProjetFps/Projet_Fps/ProjetFps/Content/StarterContent/Props/SM_Chair.uasset"
[2017.09.08-12.16.13:738][  0]LogPackFactory: Copied "../../../Samples/StarterContent/Content/StarterContent/Props/SM_CornerFrame.uasset" to "../../../../../ProjetFps/Projet_Fps/ProjetFps/Content/StarterContent/Props/SM_CornerFrame.uasset"
[2017.09.08-12.16.13:749][  0]LogPackFactory: Copied "../../../Samples/StarterContent/Content/StarterContent/Props/SM_Couch.uasset" to "../../../../../ProjetFps/Projet_Fps/ProjetFps/Content/StarterContent/Props/SM_Couch.uasset"
[2017.09.08-12.16.13:782][  0]LogPackFactory: Copied "../../../Samples/StarterContent/Content/StarterContent/Props/SM_Door.uasset" to "../../../../../ProjetFps/Projet_Fps/ProjetFps/Content/StarterContent/Props/SM_Door.uasset"
[2017.09.08-12.16.13:794][  0]LogPackFactory: Copied "../../../Samples/StarterContent/Content/StarterContent/Props/SM_DoorFrame.uasset" to "../../../../../ProjetFps/Projet_Fps/ProjetFps/Content/StarterContent/Props/SM_DoorFrame.uasset"
[2017.09.08-12.16.13:807][  0]LogPackFactory: Copied "../../../Samples/StarterContent/Content/StarterContent/Props/SM_GlassWindow.uasset" to "../../../../../ProjetFps/Projet_Fps/ProjetFps/Content/StarterContent/Props/SM_GlassWindow.uasset"
[2017.09.08-12.16.13:823][  0]LogPackFactory: Copied "../../../Samples/StarterContent/Content/StarterContent/Props/SM_Lamp_Ceiling.uasset" to "../../../../../ProjetFps/Projet_Fps/ProjetFps/Content/StarterContent/Props/SM_Lamp_Ceiling.uasset"
[2017.09.08-12.16.13:834][  0]LogPackFactory: Copied "../../../Samples/StarterContent/Content/StarterContent/Props/SM_Lamp_Wall.uasset" to "../../../../../ProjetFps/Projet_Fps/ProjetFps/Content/StarterContent/Props/SM_Lamp_Wall.uasset"
[2017.09.08-12.16.13:886][  0]LogPackFactory: Copied "../../../Samples/StarterContent/Content/StarterContent/Props/SM_MatPreviewMesh_02.uasset" to "../../../../../ProjetFps/Projet_Fps/ProjetFps/Content/StarterContent/Props/SM_MatPreviewMesh_02.uasset"
[2017.09.08-12.16.13:894][  0]LogPackFactory: Copied "../../../Samples/StarterContent/Content/StarterContent/Props/SM_PillarFrame.uasset" to "../../../../../ProjetFps/Projet_Fps/ProjetFps/Content/StarterContent/Props/SM_PillarFrame.uasset"
[2017.09.08-12.16.13:910][  0]LogPackFactory: Copied "../../../Samples/StarterContent/Content/StarterContent/Props/SM_PillarFrame300.uasset" to "../../../../../ProjetFps/Projet_Fps/ProjetFps/Content/StarterContent/Props/SM_PillarFrame300.uasset"
[2017.09.08-12.16.13:947][  0]LogPackFactory: Copied "../../../Samples/StarterContent/Content/StarterContent/Props/SM_Rock.uasset" to "../../../../../ProjetFps/Projet_Fps/ProjetFps/Content/StarterContent/Props/SM_Rock.uasset"
[2017.09.08-12.16.13:956][  0]LogPackFactory: Copied "../../../Samples/StarterContent/Content/StarterContent/Props/SM_Shelf.uasset" to "../../../../../ProjetFps/Projet_Fps/ProjetFps/Content/StarterContent/Props/SM_Shelf.uasset"
[2017.09.08-12.16.13:967][  0]LogPackFactory: Copied "../../../Samples/StarterContent/Content/StarterContent/Props/SM_Stairs.uasset" to "../../../../../ProjetFps/Projet_Fps/ProjetFps/Content/StarterContent/Props/SM_Stairs.uasset"
[2017.09.08-12.16.13:977][  0]LogPackFactory: Copied "../../../Samples/StarterContent/Content/StarterContent/Props/SM_Statue.uasset" to "../../../../../ProjetFps/Projet_Fps/ProjetFps/Content/StarterContent/Props/SM_Statue.uasset"
[2017.09.08-12.16.13:990][  0]LogPackFactory: Copied "../../../Samples/StarterContent/Content/StarterContent/Props/SM_TableRound.uasset" to "../../../../../ProjetFps/Projet_Fps/ProjetFps/Content/StarterContent/Props/SM_TableRound.uasset"
[2017.09.08-12.16.14:000][  0]LogPackFactory: Copied "../../../Samples/StarterContent/Content/StarterContent/Props/SM_WindowFrame.uasset" to "../../../../../ProjetFps/Projet_Fps/ProjetFps/Content/StarterContent/Props/SM_WindowFrame.uasset"
[2017.09.08-12.16.14:007][  0]LogPackFactory: Copied "../../../Samples/StarterContent/Content/StarterContent/Props/Materials/M_Bush.uasset" to "../../../../../ProjetFps/Projet_Fps/ProjetFps/Content/StarterContent/Props/Materials/M_Bush.uasset"
[2017.09.08-12.16.14:014][  0]LogPackFactory: Copied "../../../Samples/StarterContent/Content/StarterContent/Props/Materials/M_Chair.uasset" to "../../../../../ProjetFps/Projet_Fps/ProjetFps/Content/StarterContent/Props/Materials/M_Chair.uasset"
[2017.09.08-12.16.14:026][  0]LogPackFactory: Copied "../../../Samples/StarterContent/Content/StarterContent/Props/Materials/M_Door.uasset" to "../../../../../ProjetFps/Projet_Fps/ProjetFps/Content/StarterContent/Props/Materials/M_Door.uasset"
[2017.09.08-12.16.14:035][  0]LogPackFactory: Copied "../../../Samples/StarterContent/Content/StarterContent/Props/Materials/M_Frame.uasset" to "../../../../../ProjetFps/Projet_Fps/ProjetFps/Content/StarterContent/Props/Materials/M_Frame.uasset"
[2017.09.08-12.16.14:046][  0]LogPackFactory: Copied "../../../Samples/StarterContent/Content/StarterContent/Props/Materials/M_Lamp.uasset" to "../../../../../ProjetFps/Projet_Fps/ProjetFps/Content/StarterContent/Props/Materials/M_Lamp.uasset"
[2017.09.08-12.16.14:067][  0]LogPackFactory: Copied "../../../Samples/StarterContent/Content/StarterContent/Props/Materials/M_MaterialSphere.uasset" to "../../../../../ProjetFps/Projet_Fps/ProjetFps/Content/StarterContent/Props/Materials/M_MaterialSphere.uasset"
[2017.09.08-12.16.14:089][  0]LogPackFactory: Copied "../../../Samples/StarterContent/Content/StarterContent/Props/Materials/M_MaterialSphere_Plain.uasset" to "../../../../../ProjetFps/Projet_Fps/ProjetFps/Content/StarterContent/Props/Materials/M_MaterialSphere_Plain.uasset"
[2017.09.08-12.16.14:137][  0]LogPackFactory: Copied "../../../Samples/StarterContent/Content/StarterContent/Props/Materials/M_Rock.uasset" to "../../../../../ProjetFps/Projet_Fps/ProjetFps/Content/StarterContent/Props/Materials/M_Rock.uasset"
[2017.09.08-12.16.14:153][  0]LogPackFactory: Copied "../../../Samples/StarterContent/Content/StarterContent/Props/Materials/M_Shelf.uasset" to "../../../../../ProjetFps/Projet_Fps/ProjetFps/Content/StarterContent/Props/Materials/M_Shelf.uasset"
[2017.09.08-12.16.14:162][  0]LogPackFactory: Copied "../../../Samples/StarterContent/Content/StarterContent/Props/Materials/M_Statue.uasset" to "../../../../../ProjetFps/Projet_Fps/ProjetFps/Content/StarterContent/Props/Materials/M_Statue.uasset"
[2017.09.08-12.16.14:179][  0]LogPackFactory: Copied "../../../Samples/StarterContent/Content/StarterContent/Props/Materials/M_StatueGlass.uasset" to "../../../../../ProjetFps/Projet_Fps/ProjetFps/Content/StarterContent/Props/Materials/M_StatueGlass.uasset"
[2017.09.08-12.16.14:198][  0]LogPackFactory: Copied "../../../Samples/StarterContent/Content/StarterContent/Props/Materials/M_TableRound.uasset" to "../../../../../ProjetFps/Projet_Fps/ProjetFps/Content/StarterContent/Props/Materials/M_TableRound.uasset"
[2017.09.08-12.16.14:213][  0]LogPackFactory: Copied "../../../Samples/StarterContent/Content/StarterContent/Shapes/Shape_Cone.uasset" to "../../../../../ProjetFps/Projet_Fps/ProjetFps/Content/StarterContent/Shapes/Shape_Cone.uasset"
[2017.09.08-12.16.14:246][  0]LogPackFactory: Copied "../../../Samples/StarterContent/Content/StarterContent/Shapes/Shape_Cube.uasset" to "../../../../../ProjetFps/Projet_Fps/ProjetFps/Content/StarterContent/Shapes/Shape_Cube.uasset"
[2017.09.08-12.16.14:255][  0]LogPackFactory: Copied "../../../Samples/StarterContent/Content/StarterContent/Shapes/Shape_Cylinder.uasset" to "../../../../../ProjetFps/Projet_Fps/ProjetFps/Content/StarterContent/Shapes/Shape_Cylinder.uasset"
[2017.09.08-12.16.14:317][  0]LogPackFactory: Copied "../../../Samples/StarterContent/Content/StarterContent/Shapes/Shape_NarrowCapsule.uasset" to "../../../../../ProjetFps/Projet_Fps/ProjetFps/Content/StarterContent/Shapes/Shape_NarrowCapsule.uasset"
[2017.09.08-12.16.14:325][  0]LogPackFactory: Copied "../../../Samples/StarterContent/Content/StarterContent/Shapes/Shape_Pipe.uasset" to "../../../../../ProjetFps/Projet_Fps/ProjetFps/Content/StarterContent/Shapes/Shape_Pipe.uasset"
[2017.09.08-12.16.14:338][  0]LogPackFactory: Copied "../../../Samples/StarterContent/Content/StarterContent/Shapes/Shape_Pipe_180.uasset" to "../../../../../ProjetFps/Projet_Fps/ProjetFps/Content/StarterContent/Shapes/Shape_Pipe_180.uasset"
[2017.09.08-12.16.14:351][  0]LogPackFactory: Copied "../../../Samples/StarterContent/Content/StarterContent/Shapes/Shape_Pipe_90.uasset" to "../../../../../ProjetFps/Projet_Fps/ProjetFps/Content/StarterContent/Shapes/Shape_Pipe_90.uasset"
[2017.09.08-12.16.14:362][  0]LogPackFactory: Copied "../../../Samples/StarterContent/Content/StarterContent/Shapes/Shape_Plane.uasset" to "../../../../../ProjetFps/Projet_Fps/ProjetFps/Content/StarterContent/Shapes/Shape_Plane.uasset"
[2017.09.08-12.16.14:367][  0]LogPackFactory: Copied "../../../Samples/StarterContent/Content/StarterContent/Shapes/Shape_QuadPyramid.uasset" to "../../../../../ProjetFps/Projet_Fps/ProjetFps/Content/StarterContent/Shapes/Shape_QuadPyramid.uasset"
[2017.09.08-12.16.14:388][  0]LogPackFactory: Copied "../../../Samples/StarterContent/Content/StarterContent/Shapes/Shape_Sphere.uasset" to "../../../../../ProjetFps/Projet_Fps/ProjetFps/Content/StarterContent/Shapes/Shape_Sphere.uasset"
[2017.09.08-12.16.14:408][  0]LogPackFactory: Copied "../../../Samples/StarterContent/Content/StarterContent/Shapes/Shape_Torus.uasset" to "../../../../../ProjetFps/Projet_Fps/ProjetFps/Content/StarterContent/Shapes/Shape_Torus.uasset"
[2017.09.08-12.16.14:418][  0]LogPackFactory: Copied "../../../Samples/StarterContent/Content/StarterContent/Shapes/Shape_Trim.uasset" to "../../../../../ProjetFps/Projet_Fps/ProjetFps/Content/StarterContent/Shapes/Shape_Trim.uasset"
[2017.09.08-12.16.14:432][  0]LogPackFactory: Copied "../../../Samples/StarterContent/Content/StarterContent/Shapes/Shape_Trim_90_In.uasset" to "../../../../../ProjetFps/Projet_Fps/ProjetFps/Content/StarterContent/Shapes/Shape_Trim_90_In.uasset"
[2017.09.08-12.16.14:446][  0]LogPackFactory: Copied "../../../Samples/StarterContent/Content/StarterContent/Shapes/Shape_Trim_90_Out.uasset" to "../../../../../ProjetFps/Projet_Fps/ProjetFps/Content/StarterContent/Shapes/Shape_Trim_90_Out.uasset"
[2017.09.08-12.16.14:458][  0]LogPackFactory: Copied "../../../Samples/StarterContent/Content/StarterContent/Shapes/Shape_TriPyramid.uasset" to "../../../../../ProjetFps/Projet_Fps/ProjetFps/Content/StarterContent/Shapes/Shape_TriPyramid.uasset"
[2017.09.08-12.16.14:470][  0]LogPackFactory: Copied "../../../Samples/StarterContent/Content/StarterContent/Shapes/Shape_Tube.uasset" to "../../../../../ProjetFps/Projet_Fps/ProjetFps/Content/StarterContent/Shapes/Shape_Tube.uasset"
[2017.09.08-12.16.14:476][  0]LogPackFactory: Copied "../../../Samples/StarterContent/Content/StarterContent/Shapes/Shape_Wedge_A.uasset" to "../../../../../ProjetFps/Projet_Fps/ProjetFps/Content/StarterContent/Shapes/Shape_Wedge_A.uasset"
[2017.09.08-12.16.14:530][  0]LogPackFactory: Copied "../../../Samples/StarterContent/Content/StarterContent/Shapes/Shape_Wedge_B.uasset" to "../../../../../ProjetFps/Projet_Fps/ProjetFps/Content/StarterContent/Shapes/Shape_Wedge_B.uasset"
[2017.09.08-12.16.14:552][  0]LogPackFactory: Copied "../../../Samples/StarterContent/Content/StarterContent/Shapes/Shape_WideCapsule.uasset" to "../../../../../ProjetFps/Projet_Fps/ProjetFps/Content/StarterContent/Shapes/Shape_WideCapsule.uasset"
[2017.09.08-12.16.14:598][  0]LogPackFactory: Copied "../../../Samples/StarterContent/Content/StarterContent/Textures/T_Brick_Clay_Beveled_D.uasset" to "../../../../../ProjetFps/Projet_Fps/ProjetFps/Content/StarterContent/Textures/T_Brick_Clay_Beveled_D.uasset"
[2017.09.08-12.16.14:647][  0]LogPackFactory: Copied "../../../Samples/StarterContent/Content/StarterContent/Textures/T_Brick_Clay_Beveled_M.uasset" to "../../../../../ProjetFps/Projet_Fps/ProjetFps/Content/StarterContent/Textures/T_Brick_Clay_Beveled_M.uasset"
[2017.09.08-12.16.14:728][  0]LogPackFactory: Copied "../../../Samples/StarterContent/Content/StarterContent/Textures/T_Brick_Clay_Beveled_N.uasset" to "../../../../../ProjetFps/Projet_Fps/ProjetFps/Content/StarterContent/Textures/T_Brick_Clay_Beveled_N.uasset"
[2017.09.08-12.16.14:766][  0]LogPackFactory: Copied "../../../Samples/StarterContent/Content/StarterContent/Textures/T_Brick_Clay_New_D.uasset" to "../../../../../ProjetFps/Projet_Fps/ProjetFps/Content/StarterContent/Textures/T_Brick_Clay_New_D.uasset"
[2017.09.08-12.16.14:860][  0]LogPackFactory: Copied "../../../Samples/StarterContent/Content/StarterContent/Textures/T_Brick_Clay_New_M.uasset" to "../../../../../ProjetFps/Projet_Fps/ProjetFps/Content/StarterContent/Textures/T_Brick_Clay_New_M.uasset"
[2017.09.08-12.16.15:068][  0]LogPackFactory: Copied "../../../Samples/StarterContent/Content/StarterContent/Textures/T_Brick_Clay_New_N.uasset" to "../../../../../ProjetFps/Projet_Fps/ProjetFps/Content/StarterContent/Textures/T_Brick_Clay_New_N.uasset"
[2017.09.08-12.16.15:168][  0]LogPackFactory: Copied "../../../Samples/StarterContent/Content/StarterContent/Textures/T_Brick_Clay_Old_D.uasset" to "../../../../../ProjetFps/Projet_Fps/ProjetFps/Content/StarterContent/Textures/T_Brick_Clay_Old_D.uasset"
[2017.09.08-12.16.15:217][  0]LogPackFactory: Copied "../../../Samples/StarterContent/Content/StarterContent/Textures/T_Brick_Clay_Old_N.uasset" to "../../../../../ProjetFps/Projet_Fps/ProjetFps/Content/StarterContent/Textures/T_Brick_Clay_Old_N.uasset"
[2017.09.08-12.16.15:336][  0]LogPackFactory: Copied "../../../Samples/StarterContent/Content/StarterContent/Textures/T_Brick_Cut_Stone_D.uasset" to "../../../../../ProjetFps/Projet_Fps/ProjetFps/Content/StarterContent/Textures/T_Brick_Cut_Stone_D.uasset"
[2017.09.08-12.16.15:431][  0]LogPackFactory: Copied "../../../Samples/StarterContent/Content/StarterContent/Textures/T_Brick_Cut_Stone_N.uasset" to "../../../../../ProjetFps/Projet_Fps/ProjetFps/Content/StarterContent/Textures/T_Brick_Cut_Stone_N.uasset"
[2017.09.08-12.16.15:481][  0]LogPackFactory: Copied "../../../Samples/StarterContent/Content/StarterContent/Textures/T_Brick_Hewn_Stone_D.uasset" to "../../../../../ProjetFps/Projet_Fps/ProjetFps/Content/StarterContent/Textures/T_Brick_Hewn_Stone_D.uasset"
[2017.09.08-12.16.15:561][  0]LogPackFactory: Copied "../../../Samples/StarterContent/Content/StarterContent/Textures/T_Brick_Hewn_Stone_M.uasset" to "../../../../../ProjetFps/Projet_Fps/ProjetFps/Content/StarterContent/Textures/T_Brick_Hewn_Stone_M.uasset"
[2017.09.08-12.16.15:634][  0]LogPackFactory: Copied "../../../Samples/StarterContent/Content/StarterContent/Textures/T_Brick_Hewn_Stone_N.uasset" to "../../../../../ProjetFps/Projet_Fps/ProjetFps/Content/StarterContent/Textures/T_Brick_Hewn_Stone_N.uasset"
[2017.09.08-12.16.15:683][  0]LogPackFactory: Copied "../../../Samples/StarterContent/Content/StarterContent/Textures/T_Burst_M.uasset" to "../../../../../ProjetFps/Projet_Fps/ProjetFps/Content/StarterContent/Textures/T_Burst_M.uasset"
[2017.09.08-12.16.15:701][  0]LogPackFactory: Copied "../../../Samples/StarterContent/Content/StarterContent/Textures/T_Bush_D.uasset" to "../../../../../ProjetFps/Projet_Fps/ProjetFps/Content/StarterContent/Textures/T_Bush_D.uasset"
[2017.09.08-12.16.15:716][  0]LogPackFactory: Copied "../../../Samples/StarterContent/Content/StarterContent/Textures/T_Bush_N.uasset" to "../../../../../ProjetFps/Projet_Fps/ProjetFps/Content/StarterContent/Textures/T_Bush_N.uasset"
[2017.09.08-12.16.15:729][  0]LogPackFactory: Copied "../../../Samples/StarterContent/Content/StarterContent/Textures/T_Ceramic_Tile_M.uasset" to "../../../../../ProjetFps/Projet_Fps/ProjetFps/Content/StarterContent/Textures/T_Ceramic_Tile_M.uasset"
[2017.09.08-12.16.15:742][  0]LogPackFactory: Copied "../../../Samples/StarterContent/Content/StarterContent/Textures/T_Ceramic_Tile_N.uasset" to "../../../../../ProjetFps/Projet_Fps/ProjetFps/Content/StarterContent/Textures/T_Ceramic_Tile_N.uasset"
[2017.09.08-12.16.15:779][  0]LogPackFactory: Copied "../../../Samples/StarterContent/Content/StarterContent/Textures/T_Chair_M.uasset" to "../../../../../ProjetFps/Projet_Fps/ProjetFps/Content/StarterContent/Textures/T_Chair_M.uasset"
[2017.09.08-12.16.15:799][  0]LogPackFactory: Copied "../../../Samples/StarterContent/Content/StarterContent/Textures/T_Chair_N.uasset" to "../../../../../ProjetFps/Projet_Fps/ProjetFps/Content/StarterContent/Textures/T_Chair_N.uasset"
[2017.09.08-12.16.15:811][  0]LogPackFactory: Copied "../../../Samples/StarterContent/Content/StarterContent/Textures/T_Checker_Noise_M.uasset" to "../../../../../ProjetFps/Projet_Fps/ProjetFps/Content/StarterContent/Textures/T_Checker_Noise_M.uasset"
[2017.09.08-12.16.15:889][  0]LogPackFactory: Copied "../../../Samples/StarterContent/Content/StarterContent/Textures/T_CobbleStone_Pebble_D.uasset" to "../../../../../ProjetFps/Projet_Fps/ProjetFps/Content/StarterContent/Textures/T_CobbleStone_Pebble_D.uasset"
[2017.09.08-12.16.15:941][  0]LogPackFactory: Copied "../../../Samples/StarterContent/Content/StarterContent/Textures/T_CobbleStone_Pebble_M.uasset" to "../../../../../ProjetFps/Projet_Fps/ProjetFps/Content/StarterContent/Textures/T_CobbleStone_Pebble_M.uasset"
[2017.09.08-12.16.16:019][  0]LogPackFactory: Copied "../../../Samples/StarterContent/Content/StarterContent/Textures/T_CobbleStone_Pebble_N.uasset" to "../../../../../ProjetFps/Projet_Fps/ProjetFps/Content/StarterContent/Textures/T_CobbleStone_Pebble_N.uasset"
[2017.09.08-12.16.16:078][  0]LogPackFactory: Copied "../../../Samples/StarterContent/Content/StarterContent/Textures/T_CobbleStone_Rough_D.uasset" to "../../../../../ProjetFps/Projet_Fps/ProjetFps/Content/StarterContent/Textures/T_CobbleStone_Rough_D.uasset"
[2017.09.08-12.16.16:128][  0]LogPackFactory: Copied "../../../Samples/StarterContent/Content/StarterContent/Textures/T_CobbleStone_Rough_N.uasset" to "../../../../../ProjetFps/Projet_Fps/ProjetFps/Content/StarterContent/Textures/T_CobbleStone_Rough_N.uasset"
[2017.09.08-12.16.16:168][  0]LogPackFactory: Copied "../../../Samples/StarterContent/Content/StarterContent/Textures/T_CobbleStone_Smooth_D.uasset" to "../../../../../ProjetFps/Projet_Fps/ProjetFps/Content/StarterContent/Textures/T_CobbleStone_Smooth_D.uasset"
[2017.09.08-12.16.16:218][  0]LogPackFactory: Copied "../../../Samples/StarterContent/Content/StarterContent/Textures/T_CobbleStone_Smooth_M.uasset" to "../../../../../ProjetFps/Projet_Fps/ProjetFps/Content/StarterContent/Textures/T_CobbleStone_Smooth_M.uasset"
[2017.09.08-12.16.18:979][  0]LogPackFactory: Copied "../../../Samples/StarterContent/Content/StarterContent/Textures/T_CobbleStone_Smooth_N.uasset" to "../../../../../ProjetFps/Projet_Fps/ProjetFps/Content/StarterContent/Textures/T_CobbleStone_Smooth_N.uasset"
[2017.09.08-12.16.21:176][  0]LogPackFactory: Copied "../../../Samples/StarterContent/Content/StarterContent/Textures/T_Concrete_Grime_D.uasset" to "../../../../../ProjetFps/Projet_Fps/ProjetFps/Content/StarterContent/Textures/T_Concrete_Grime_D.uasset"
[2017.09.08-12.16.21:229][  0]LogPackFactory: Copied "../../../Samples/StarterContent/Content/StarterContent/Textures/T_Concrete_Panels_D.uasset" to "../../../../../ProjetFps/Projet_Fps/ProjetFps/Content/StarterContent/Textures/T_Concrete_Panels_D.uasset"
[2017.09.08-12.16.21:273][  0]LogPackFactory: Copied "../../../Samples/StarterContent/Content/StarterContent/Textures/T_Concrete_Panels_N.uasset" to "../../../../../ProjetFps/Projet_Fps/ProjetFps/Content/StarterContent/Textures/T_Concrete_Panels_N.uasset"
[2017.09.08-12.16.21:397][  0]LogPackFactory: Copied "../../../Samples/StarterContent/Content/StarterContent/Textures/T_Concrete_Poured_D.uasset" to "../../../../../ProjetFps/Projet_Fps/ProjetFps/Content/StarterContent/Textures/T_Concrete_Poured_D.uasset"
[2017.09.08-12.16.21:460][  0]LogPackFactory: Copied "../../../Samples/StarterContent/Content/StarterContent/Textures/T_Concrete_Poured_N.uasset" to "../../../../../ProjetFps/Projet_Fps/ProjetFps/Content/StarterContent/Textures/T_Concrete_Poured_N.uasset"
[2017.09.08-12.16.21:522][  0]LogPackFactory: Copied "../../../Samples/StarterContent/Content/StarterContent/Textures/T_Concrete_Tiles_D.uasset" to "../../../../../ProjetFps/Projet_Fps/ProjetFps/Content/StarterContent/Textures/T_Concrete_Tiles_D.uasset"
[2017.09.08-12.16.21:567][  0]LogPackFactory: Copied "../../../Samples/StarterContent/Content/StarterContent/Textures/T_Concrete_Tiles_M.uasset" to "../../../../../ProjetFps/Projet_Fps/ProjetFps/Content/StarterContent/Textures/T_Concrete_Tiles_M.uasset"
[2017.09.08-12.16.21:614][  0]LogPackFactory: Copied "../../../Samples/StarterContent/Content/StarterContent/Textures/T_Concrete_Tiles_N.uasset" to "../../../../../ProjetFps/Projet_Fps/ProjetFps/Content/StarterContent/Textures/T_Concrete_Tiles_N.uasset"
[2017.09.08-12.16.21:666][  0]LogPackFactory: Copied "../../../Samples/StarterContent/Content/StarterContent/Textures/T_Concrete_Tiles_Variation_M.uasset" to "../../../../../ProjetFps/Projet_Fps/ProjetFps/Content/StarterContent/Textures/T_Concrete_Tiles_Variation_M.uasset"
[2017.09.08-12.16.21:695][  0]LogPackFactory: Copied "../../../Samples/StarterContent/Content/StarterContent/Textures/T_Detail_Rocky_N.uasset" to "../../../../../ProjetFps/Projet_Fps/ProjetFps/Content/StarterContent/Textures/T_Detail_Rocky_N.uasset"
[2017.09.08-12.16.21:704][  0]LogPackFactory: Copied "../../../Samples/StarterContent/Content/StarterContent/Textures/T_Door_M.uasset" to "../../../../../ProjetFps/Projet_Fps/ProjetFps/Content/StarterContent/Textures/T_Door_M.uasset"
[2017.09.08-12.16.21:719][  0]LogPackFactory: Copied "../../../Samples/StarterContent/Content/StarterContent/Textures/T_Door_N.uasset" to "../../../../../ProjetFps/Projet_Fps/ProjetFps/Content/StarterContent/Textures/T_Door_N.uasset"
[2017.09.08-12.16.21:735][  0]LogPackFactory: Copied "../../../Samples/StarterContent/Content/StarterContent/Textures/T_Dust_Particle_D.uasset" to "../../../../../ProjetFps/Projet_Fps/ProjetFps/Content/StarterContent/Textures/T_Dust_Particle_D.uasset"
[2017.09.08-12.16.21:764][  0]LogPackFactory: Copied "../../../Samples/StarterContent/Content/StarterContent/Textures/T_Explosion_SubUV.uasset" to "../../../../../ProjetFps/Projet_Fps/ProjetFps/Content/StarterContent/Textures/T_Explosion_SubUV.uasset"
[2017.09.08-12.16.21:773][  0]LogPackFactory: Copied "../../../Samples/StarterContent/Content/StarterContent/Textures/T_Fire_SubUV.uasset" to "../../../../../ProjetFps/Projet_Fps/ProjetFps/Content/StarterContent/Textures/T_Fire_SubUV.uasset"
[2017.09.08-12.16.21:799][  0]LogPackFactory: Copied "../../../Samples/StarterContent/Content/StarterContent/Textures/T_Fire_Tiled_D.uasset" to "../../../../../ProjetFps/Projet_Fps/ProjetFps/Content/StarterContent/Textures/T_Fire_Tiled_D.uasset"
[2017.09.08-12.16.21:851][  0]LogPackFactory: Copied "../../../Samples/StarterContent/Content/StarterContent/Textures/T_Frame_M.uasset" to "../../../../../ProjetFps/Projet_Fps/ProjetFps/Content/StarterContent/Textures/T_Frame_M.uasset"
[2017.09.08-12.16.22:233][  0]LogPackFactory: Copied "../../../Samples/StarterContent/Content/StarterContent/Textures/T_Frame_N.uasset" to "../../../../../ProjetFps/Projet_Fps/ProjetFps/Content/StarterContent/Textures/T_Frame_N.uasset"
[2017.09.08-12.16.22:338][  0]LogPackFactory: Copied "../../../Samples/StarterContent/Content/StarterContent/Textures/T_Gradinet_01.uasset" to "../../../../../ProjetFps/Projet_Fps/ProjetFps/Content/StarterContent/Textures/T_Gradinet_01.uasset"
[2017.09.08-12.16.23:525][  0]LogPackFactory: Copied "../../../Samples/StarterContent/Content/StarterContent/Textures/T_Ground_Grass_D.uasset" to "../../../../../ProjetFps/Projet_Fps/ProjetFps/Content/StarterContent/Textures/T_Ground_Grass_D.uasset"
[2017.09.08-12.16.23:736][  0]LogPackFactory: Copied "../../../Samples/StarterContent/Content/StarterContent/Textures/T_Ground_Grass_N.uasset" to "../../../../../ProjetFps/Projet_Fps/ProjetFps/Content/StarterContent/Textures/T_Ground_Grass_N.uasset"
[2017.09.08-12.16.23:804][  0]LogPackFactory: Copied "../../../Samples/StarterContent/Content/StarterContent/Textures/T_Ground_Gravel_D.uasset" to "../../../../../ProjetFps/Projet_Fps/ProjetFps/Content/StarterContent/Textures/T_Ground_Gravel_D.uasset"
[2017.09.08-12.16.23:852][  0]LogPackFactory: Copied "../../../Samples/StarterContent/Content/StarterContent/Textures/T_Ground_Gravel_N.uasset" to "../../../../../ProjetFps/Projet_Fps/ProjetFps/Content/StarterContent/Textures/T_Ground_Gravel_N.uasset"
[2017.09.08-12.16.23:955][  0]LogPackFactory: Copied "../../../Samples/StarterContent/Content/StarterContent/Textures/T_ground_Moss_D.uasset" to "../../../../../ProjetFps/Projet_Fps/ProjetFps/Content/StarterContent/Textures/T_ground_Moss_D.uasset"
[2017.09.08-12.16.24:025][  0]LogPackFactory: Copied "../../../Samples/StarterContent/Content/StarterContent/Textures/T_Ground_Moss_N.uasset" to "../../../../../ProjetFps/Projet_Fps/ProjetFps/Content/StarterContent/Textures/T_Ground_Moss_N.uasset"
[2017.09.08-12.16.24:081][  0]LogPackFactory: Copied "../../../Samples/StarterContent/Content/StarterContent/Textures/T_Lamp_M.uasset" to "../../../../../ProjetFps/Projet_Fps/ProjetFps/Content/StarterContent/Textures/T_Lamp_M.uasset"
[2017.09.08-12.16.24:103][  0]LogPackFactory: Copied "../../../Samples/StarterContent/Content/StarterContent/Textures/T_Lamp_N.uasset" to "../../../../../ProjetFps/Projet_Fps/ProjetFps/Content/StarterContent/Textures/T_Lamp_N.uasset"
[2017.09.08-12.16.24:217][  0]LogPackFactory: Copied "../../../Samples/StarterContent/Content/StarterContent/Textures/T_MacroVariation.uasset" to "../../../../../ProjetFps/Projet_Fps/ProjetFps/Content/StarterContent/Textures/T_MacroVariation.uasset"
[2017.09.08-12.16.24:322][  0]LogPackFactory: Copied "../../../Samples/StarterContent/Content/StarterContent/Textures/T_Metal_Aluminum_D.uasset" to "../../../../../ProjetFps/Projet_Fps/ProjetFps/Content/StarterContent/Textures/T_Metal_Aluminum_D.uasset"
[2017.09.08-12.16.24:451][  0]LogPackFactory: Copied "../../../Samples/StarterContent/Content/StarterContent/Textures/T_Metal_Copper_D.uasset" to "../../../../../ProjetFps/Projet_Fps/ProjetFps/Content/StarterContent/Textures/T_Metal_Copper_D.uasset"
[2017.09.08-12.16.24:539][  0]LogPackFactory: Copied "../../../Samples/StarterContent/Content/StarterContent/Textures/T_Metal_Gold_D.uasset" to "../../../../../ProjetFps/Projet_Fps/ProjetFps/Content/StarterContent/Textures/T_Metal_Gold_D.uasset"
[2017.09.08-12.16.24:572][  0]LogPackFactory: Copied "../../../Samples/StarterContent/Content/StarterContent/Textures/T_Metal_Gold_N.uasset" to "../../../../../ProjetFps/Projet_Fps/ProjetFps/Content/StarterContent/Textures/T_Metal_Gold_N.uasset"
[2017.09.08-12.16.27:370][  0]LogPackFactory: Copied "../../../Samples/StarterContent/Content/StarterContent/Textures/T_Metal_Rust_D.uasset" to "../../../../../ProjetFps/Projet_Fps/ProjetFps/Content/StarterContent/Textures/T_Metal_Rust_D.uasset"
[2017.09.08-12.16.27:979][  0]LogPackFactory: Copied "../../../Samples/StarterContent/Content/StarterContent/Textures/T_Metal_Rust_N.uasset" to "../../../../../ProjetFps/Projet_Fps/ProjetFps/Content/StarterContent/Textures/T_Metal_Rust_N.uasset"
[2017.09.08-12.16.28:009][  0]LogPackFactory: Copied "../../../Samples/StarterContent/Content/StarterContent/Textures/T_Metal_Steel_D.uasset" to "../../../../../ProjetFps/Projet_Fps/ProjetFps/Content/StarterContent/Textures/T_Metal_Steel_D.uasset"
[2017.09.08-12.16.28:044][  0]LogPackFactory: Copied "../../../Samples/StarterContent/Content/StarterContent/Textures/T_Metal_Steel_N.uasset" to "../../../../../ProjetFps/Projet_Fps/ProjetFps/Content/StarterContent/Textures/T_Metal_Steel_N.uasset"
[2017.09.08-12.16.28:122][  0]LogPackFactory: Copied "../../../Samples/StarterContent/Content/StarterContent/Textures/T_Perlin_Noise_M.uasset" to "../../../../../ProjetFps/Projet_Fps/ProjetFps/Content/StarterContent/Textures/T_Perlin_Noise_M.uasset"
[2017.09.08-12.16.28:150][  0]LogPackFactory: Copied "../../../Samples/StarterContent/Content/StarterContent/Textures/T_RockMesh_M.uasset" to "../../../../../ProjetFps/Projet_Fps/ProjetFps/Content/StarterContent/Textures/T_RockMesh_M.uasset"
[2017.09.08-12.16.28:183][  0]LogPackFactory: Copied "../../../Samples/StarterContent/Content/StarterContent/Textures/T_RockMesh_N.uasset" to "../../../../../ProjetFps/Projet_Fps/ProjetFps/Content/StarterContent/Textures/T_RockMesh_N.uasset"
[2017.09.08-12.16.28:289][  0]LogPackFactory: Copied "../../../Samples/StarterContent/Content/StarterContent/Textures/T_Rock_Basalt_D.uasset" to "../../../../../ProjetFps/Projet_Fps/ProjetFps/Content/StarterContent/Textures/T_Rock_Basalt_D.uasset"
[2017.09.08-12.16.28:384][  0]LogPackFactory: Copied "../../../Samples/StarterContent/Content/StarterContent/Textures/T_Rock_Basalt_N.uasset" to "../../../../../ProjetFps/Projet_Fps/ProjetFps/Content/StarterContent/Textures/T_Rock_Basalt_N.uasset"
[2017.09.08-12.16.28:721][  0]LogPackFactory: Copied "../../../Samples/StarterContent/Content/StarterContent/Textures/T_Rock_Marble_Polished_D.uasset" to "../../../../../ProjetFps/Projet_Fps/ProjetFps/Content/StarterContent/Textures/T_Rock_Marble_Polished_D.uasset"
[2017.09.08-12.16.28:805][  0]LogPackFactory: Copied "../../../Samples/StarterContent/Content/StarterContent/Textures/T_Rock_Sandstone_D.uasset" to "../../../../../ProjetFps/Projet_Fps/ProjetFps/Content/StarterContent/Textures/T_Rock_Sandstone_D.uasset"
[2017.09.08-12.16.28:894][  0]LogPackFactory: Copied "../../../Samples/StarterContent/Content/StarterContent/Textures/T_Rock_Sandstone_N.uasset" to "../../../../../ProjetFps/Projet_Fps/ProjetFps/Content/StarterContent/Textures/T_Rock_Sandstone_N.uasset"
[2017.09.08-12.16.28:994][  0]LogPackFactory: Copied "../../../Samples/StarterContent/Content/StarterContent/Textures/T_Rock_Slate_D.uasset" to "../../../../../ProjetFps/Projet_Fps/ProjetFps/Content/StarterContent/Textures/T_Rock_Slate_D.uasset"
[2017.09.08-12.16.29:078][  0]LogPackFactory: Copied "../../../Samples/StarterContent/Content/StarterContent/Textures/T_Rock_Slate_N.uasset" to "../../../../../ProjetFps/Projet_Fps/ProjetFps/Content/StarterContent/Textures/T_Rock_Slate_N.uasset"
[2017.09.08-12.16.29:132][  0]LogPackFactory: Copied "../../../Samples/StarterContent/Content/StarterContent/Textures/T_Rock_Smooth_Granite_D.uasset" to "../../../../../ProjetFps/Projet_Fps/ProjetFps/Content/StarterContent/Textures/T_Rock_Smooth_Granite_D.uasset"
[2017.09.08-12.16.29:255][  0]LogPackFactory: Copied "../../../Samples/StarterContent/Content/StarterContent/Textures/T_Shelf_M.uasset" to "../../../../../ProjetFps/Projet_Fps/ProjetFps/Content/StarterContent/Textures/T_Shelf_M.uasset"
[2017.09.08-12.16.29:319][  0]LogPackFactory: Copied "../../../Samples/StarterContent/Content/StarterContent/Textures/T_Shelf_N.uasset" to "../../../../../ProjetFps/Projet_Fps/ProjetFps/Content/StarterContent/Textures/T_Shelf_N.uasset"
[2017.09.08-12.16.29:326][  0]LogPackFactory: Copied "../../../Samples/StarterContent/Content/StarterContent/Textures/T_Single_Tile_N.uasset" to "../../../../../ProjetFps/Projet_Fps/ProjetFps/Content/StarterContent/Textures/T_Single_Tile_N.uasset"
[2017.09.08-12.16.29:349][  0]LogPackFactory: Copied "../../../Samples/StarterContent/Content/StarterContent/Textures/T_Smoke_SubUV.uasset" to "../../../../../ProjetFps/Projet_Fps/ProjetFps/Content/StarterContent/Textures/T_Smoke_SubUV.uasset"
[2017.09.08-12.16.29:362][  0]LogPackFactory: Copied "../../../Samples/StarterContent/Content/StarterContent/Textures/T_Smoke_Tiled_D.uasset" to "../../../../../ProjetFps/Projet_Fps/ProjetFps/Content/StarterContent/Textures/T_Smoke_Tiled_D.uasset"
[2017.09.08-12.16.29:380][  0]LogPackFactory: Copied "../../../Samples/StarterContent/Content/StarterContent/Textures/T_Spark_Core.uasset" to "../../../../../ProjetFps/Projet_Fps/ProjetFps/Content/StarterContent/Textures/T_Spark_Core.uasset"
[2017.09.08-12.16.29:384][  0]LogPackFactory: Copied "../../../Samples/StarterContent/Content/StarterContent/Textures/T_Statue_M.uasset" to "../../../../../ProjetFps/Projet_Fps/ProjetFps/Content/StarterContent/Textures/T_Statue_M.uasset"
[2017.09.08-12.16.29:394][  0]LogPackFactory: Copied "../../../Samples/StarterContent/Content/StarterContent/Textures/T_Statue_N.uasset" to "../../../../../ProjetFps/Projet_Fps/ProjetFps/Content/StarterContent/Textures/T_Statue_N.uasset"
[2017.09.08-12.16.29:443][  0]LogPackFactory: Copied "../../../Samples/StarterContent/Content/StarterContent/Textures/T_TableRound_M.uasset" to "../../../../../ProjetFps/Projet_Fps/ProjetFps/Content/StarterContent/Textures/T_TableRound_M.uasset"
[2017.09.08-12.16.29:486][  0]LogPackFactory: Copied "../../../Samples/StarterContent/Content/StarterContent/Textures/T_TableRound_N.uasset" to "../../../../../ProjetFps/Projet_Fps/ProjetFps/Content/StarterContent/Textures/T_TableRound_N.uasset"
[2017.09.08-12.16.29:499][  0]LogPackFactory: Copied "../../../Samples/StarterContent/Content/StarterContent/Textures/T_Tech_Dot_M.uasset" to "../../../../../ProjetFps/Projet_Fps/ProjetFps/Content/StarterContent/Textures/T_Tech_Dot_M.uasset"
[2017.09.08-12.16.29:512][  0]LogPackFactory: Copied "../../../Samples/StarterContent/Content/StarterContent/Textures/T_Tech_Dot_N.uasset" to "../../../../../ProjetFps/Projet_Fps/ProjetFps/Content/StarterContent/Textures/T_Tech_Dot_N.uasset"
[2017.09.08-12.16.29:524][  0]LogPackFactory: Copied "../../../Samples/StarterContent/Content/StarterContent/Textures/T_Tech_Hex_Tile_M.uasset" to "../../../../../ProjetFps/Projet_Fps/ProjetFps/Content/StarterContent/Textures/T_Tech_Hex_Tile_M.uasset"
[2017.09.08-12.16.29:533][  0]LogPackFactory: Copied "../../../Samples/StarterContent/Content/StarterContent/Textures/T_Tech_Hex_Tile_N.uasset" to "../../../../../ProjetFps/Projet_Fps/ProjetFps/Content/StarterContent/Textures/T_Tech_Hex_Tile_N.uasset"
[2017.09.08-12.16.29:565][  0]LogPackFactory: Copied "../../../Samples/StarterContent/Content/StarterContent/Textures/T_Tech_Panel_M.uasset" to "../../../../../ProjetFps/Projet_Fps/ProjetFps/Content/StarterContent/Textures/T_Tech_Panel_M.uasset"
[2017.09.08-12.16.29:625][  0]LogPackFactory: Copied "../../../Samples/StarterContent/Content/StarterContent/Textures/T_Tech_Panel_N.uasset" to "../../../../../ProjetFps/Projet_Fps/ProjetFps/Content/StarterContent/Textures/T_Tech_Panel_N.uasset"
[2017.09.08-12.16.29:673][  0]LogPackFactory: Copied "../../../Samples/StarterContent/Content/StarterContent/Textures/T_Water_M.uasset" to "../../../../../ProjetFps/Projet_Fps/ProjetFps/Content/StarterContent/Textures/T_Water_M.uasset"
[2017.09.08-12.16.29:722][  0]LogPackFactory: Copied "../../../Samples/StarterContent/Content/StarterContent/Textures/T_Water_N.uasset" to "../../../../../ProjetFps/Projet_Fps/ProjetFps/Content/StarterContent/Textures/T_Water_N.uasset"
[2017.09.08-12.16.30:699][  0]LogPackFactory: Copied "../../../Samples/StarterContent/Content/StarterContent/Textures/T_Wood_Floor_Walnut_D.uasset" to "../../../../../ProjetFps/Projet_Fps/ProjetFps/Content/StarterContent/Textures/T_Wood_Floor_Walnut_D.uasset"
[2017.09.08-12.16.30:914][  0]LogPackFactory: Copied "../../../Samples/StarterContent/Content/StarterContent/Textures/T_Wood_Floor_Walnut_M.uasset" to "../../../../../ProjetFps/Projet_Fps/ProjetFps/Content/StarterContent/Textures/T_Wood_Floor_Walnut_M.uasset"
[2017.09.08-12.16.30:941][  0]LogPackFactory: Copied "../../../Samples/StarterContent/Content/StarterContent/Textures/T_Wood_Floor_Walnut_N.uasset" to "../../../../../ProjetFps/Projet_Fps/ProjetFps/Content/StarterContent/Textures/T_Wood_Floor_Walnut_N.uasset"
[2017.09.08-12.16.31:009][  0]LogPackFactory: Copied "../../../Samples/StarterContent/Content/StarterContent/Textures/T_Wood_Oak_D.uasset" to "../../../../../ProjetFps/Projet_Fps/ProjetFps/Content/StarterContent/Textures/T_Wood_Oak_D.uasset"
[2017.09.08-12.16.31:083][  0]LogPackFactory: Copied "../../../Samples/StarterContent/Content/StarterContent/Textures/T_Wood_Oak_N.uasset" to "../../../../../ProjetFps/Projet_Fps/ProjetFps/Content/StarterContent/Textures/T_Wood_Oak_N.uasset"
[2017.09.08-12.16.31:523][  0]LogPackFactory: Copied "../../../Samples/StarterContent/Content/StarterContent/Textures/T_Wood_Pine_D.uasset" to "../../../../../ProjetFps/Projet_Fps/ProjetFps/Content/StarterContent/Textures/T_Wood_Pine_D.uasset"
[2017.09.08-12.16.31:613][  0]LogPackFactory: Copied "../../../Samples/StarterContent/Content/StarterContent/Textures/T_Wood_Pine_N.uasset" to "../../../../../ProjetFps/Projet_Fps/ProjetFps/Content/StarterContent/Textures/T_Wood_Pine_N.uasset"
[2017.09.08-12.16.31:682][  0]LogPackFactory: Copied "../../../Samples/StarterContent/Content/StarterContent/Textures/T_Wood_Walnut_D.uasset" to "../../../../../ProjetFps/Projet_Fps/ProjetFps/Content/StarterContent/Textures/T_Wood_Walnut_D.uasset"
[2017.09.08-12.16.31:711][  0]LogPackFactory: Copied "../../../Samples/StarterContent/Content/StarterContent/Textures/T_Wood_Walnut_N.uasset" to "../../../../../ProjetFps/Projet_Fps/ProjetFps/Content/StarterContent/Textures/T_Wood_Walnut_N.uasset"
[2017.09.08-12.16.31:892][  0]LogRenderer: Reallocating scene render targets to support 256x256 Format 10 NumSamples 1 (Frame:1).
[2017.09.08-12.16.31:967][  0]Cmd: OBJ SAVEPACKAGE PACKAGE="/Game/StarterContent/Architecture/Floor_400x400" FILE="../../../../../ProjetFps/Projet_Fps/ProjetFps/Content/StarterContent/Architecture/Floor_400x400.uasset" SILENT=true
[2017.09.08-12.16.32:012][  0]LogSavePackage: Save=43.29ms
[2017.09.08-12.16.32:012][  0]LogSavePackage: Moving '../../../../../ProjetFps/Projet_Fps/ProjetFps/Saved/Floor_400x400B09D54DB4E60B67DC3E1368A8A574A76.tmp' to '../../../../../ProjetFps/Projet_Fps/ProjetFps/Content/StarterContent/Architecture/Floor_400x400.uasset'
[2017.09.08-12.16.32:015][  0]LogSavePackage: Display: Finished SavePackage ../../../../../ProjetFps/Projet_Fps/ProjetFps/Content/StarterContent/Architecture/Floor_400x400.uasset
[2017.09.08-12.16.32:015][  0]LogFeaturePack: Warning: Inserted 1 feature packs
[2017.09.08-12.16.32:016][  0]Cmd: MAP LOAD FILE="../../../../../ProjetFps/Projet_Fps/ProjetFps/Content/FirstPersonBP/Maps/FirstPersonExampleMap.umap" TEMPLATE=0 SHOWPROGRESS=1 FEATURELEVEL=3
[2017.09.08-12.16.32:017][  0]LightingResults: New page: Lighting Build
[2017.09.08-12.16.32:046][  0]MapCheck: New page: Map Check
[2017.09.08-12.16.32:046][  0]LightingResults: New page: Lighting Build
[2017.09.08-12.16.33:152][  0]LogAIModule: Creating AISystem for world FirstPersonExampleMap
[2017.09.08-12.16.33:494][  0]LogEditorServer: Finished looking for orphan Actors (0.000 secs)
[2017.09.08-12.16.33:547][  0]Cmd: MAP CHECKDEP NOCLEARLOG
[2017.09.08-12.16.33:611][  0]MapCheck: Map check complete: 0 Error(s), 0 Warning(s), took 63.88ms to complete.
[2017.09.08-12.16.33:611][  0]LogFileHelpers: Loading map 'FirstPersonExampleMap' took 1.595
[2017.09.08-12.16.34:782][  0]LogCollectionManager: Loaded 0 collections in 0.001068 seconds
[2017.09.08-12.16.35:013][  0]LogFileCache: Scanning file cache for directory 'D:/ProjetFps/Projet_Fps/ProjetFps/Saved/Collections/' took 0.01s
[2017.09.08-12.16.35:013][  0]LogFileCache: Scanning file cache for directory 'D:/ProjetFps/Projet_Fps/ProjetFps/Content/Developers/yvana/Collections/' took 0.01s
[2017.09.08-12.16.35:013][  0]LogFileCache: Scanning file cache for directory 'D:/ProjetFps/Projet_Fps/ProjetFps/Content/Collections/' took 0.01s
[2017.09.08-12.16.35:013][  0]LogCollectionManager: Rebuilt the GUID cache for 0 collections in 0.000001 seconds
[2017.09.08-12.16.35:045][  0]LogContentBrowser: Native class hierarchy populated in 0.0310 seconds. Added 2386 classes and 500 folders.
[2017.09.08-12.16.35:162][  0]LogContentBrowser: Native class hierarchy updated for 'WidgetCarousel' in 0.0006 seconds. Added 0 classes and 0 folders.
[2017.09.08-12.16.35:206][  0]LogContentBrowser: Native class hierarchy updated for 'AddContentDialog' in 0.0005 seconds. Added 0 classes and 0 folders.
[2017.09.08-12.16.35:477][  0]LogContentBrowser: Native class hierarchy updated for 'SceneOutliner' in 0.0007 seconds. Added 1 classes and 2 folders.
[2017.09.08-12.16.36:006][  0]LogSlate: Took 0.011590 seconds to synchronously load lazily loaded font '../../../Engine/Content/Slate/Fonts/Roboto-Regular.ttf' (155K)
[2017.09.08-12.16.36:037][  0]LogSlate: Took 0.017440 seconds to synchronously load lazily loaded font '../../../Engine/Content/Slate/Fonts/Roboto-Bold.ttf' (160K)
[2017.09.08-12.16.36:143][  0]LogSlate: Took 0.046887 seconds to synchronously load lazily loaded font '../../../Engine/Content/Editor/Slate/Fonts/FontAwesome.ttf' (139K)
[2017.09.08-12.16.36:400][  0]LogRenderer: Reallocating scene render targets to support 1208x576 Format 10 NumSamples 1 (Frame:1).
[2017.09.08-12.16.37:022][  0]LogSlate: Took 0.012042 seconds to synchronously load lazily loaded font '../../../Engine/Content/Slate/Fonts/Roboto-Light.ttf' (159K)
[2017.09.08-12.16.37:307][  0]LogContentBrowser: Native class hierarchy updated for 'HierarchicalLODOutliner' in 0.0006 seconds. Added 1 classes and 2 folders.
[2017.09.08-12.16.37:307][  0]LogLoad: (Engine Initialization) Total time: 41.32 seconds
[2017.09.08-12.16.37:307][  0]LogLoad: (Engine Initialization) Total Blueprint compile time: 0.00 seconds
[2017.09.08-12.16.37:307][  0]LogExternalProfiler: No external profilers were discovered.  External profiling features will not be available.
[2017.09.08-12.16.37:318][  0]LogWindowsTextInputMethodSystem: Display: IME system now deactivated.
[2017.09.08-12.16.37:535][  0]LogContentStreaming: Texture pool size now 1000 MB
[2017.09.08-12.16.37:704][  1]LogAssetRegistry: Asset discovery search completed in 35.7753 seconds
[2017.09.08-12.16.37:706][  1]LogCollectionManager: Rebuilt the object cache for 0 collections in 0.000001 seconds (found 0 objects)
[2017.09.08-12.16.37:706][  1]LogCollectionManager: Fixed up redirectors for 0 collections in 0.000049 seconds (updated 0 objects)
[2017.09.08-12.16.38:324][  8]LogEditorViewport: Clicking on Actor (LMB): StaticMeshActor (Wall1)
[2017.09.08-12.16.39:625][  8]LogEditorViewport: Clicking on Component (LMB): StaticMeshComponent (StaticMeshComponent0)
